Here is TrainBatch 0
right:0
Here is TrainBatch 1
right:0
Here is TrainBatch 2
right:0
Here is TrainBatch 3
right:1
Here is TrainBatch 4
right:1
Here is TrainBatch 5
right:1
Here is TrainBatch 6
right:1
Here is TrainBatch 7
right:1
Here is TrainBatch 8
right:2
Here is TrainBatch 9
right:2
Here is TrainBatch 10
right:2
Here is TrainBatch 11
right:2
Here is TrainBatch 12
right:2
Here is TrainBatch 13
right:2
Here is TrainBatch 14
right:3
Here is TrainBatch 15
right:3
Here is TrainBatch 16
right:3
Here is TrainBatch 17
right:3
Here is TrainBatch 18
right:3
Here is TrainBatch 19
right:3
Here is TrainBatch 20
right:3
Here is TrainBatch 21
right:3
Here is TrainBatch 22
right:3
Here is TrainBatch 23
right:4
Here is TrainBatch 24
right:5
Here is TrainBatch 25
right:6
Here is TrainBatch 26
right:6
Here is TrainBatch 27
right:6
Here is TrainBatch 28
right:7
Here is TrainBatch 29
right:7
Here is TrainBatch 30
right:7
Here is TrainBatch 31
right:7
Here is TrainBatch 32
right:7
Here is TrainBatch 33
right:7
Here is TrainBatch 34
right:7
Here is TrainBatch 35
right:7
Here is TrainBatch 36
right:7
Here is TrainBatch 37
right:7
Here is TrainBatch 38
right:7
Here is TrainBatch 39
right:7
Here is TrainBatch 40
right:8
Here is TrainBatch 41
right:8
Here is TrainBatch 42
right:8
Here is TrainBatch 43
right:8
Here is TrainBatch 44
right:8
Here is TrainBatch 45
right:8
Here is TrainBatch 46
right:8
Here is TrainBatch 47
right:8
Here is TrainBatch 48
right:8
Here is TrainBatch 49
right:8
Here is TrainBatch 50
right:8
Here is TrainBatch 51
right:8
Here is TrainBatch 52
right:9
Here is TrainBatch 53
right:9
Here is TrainBatch 54
right:9
Here is TrainBatch 55
right:9
Here is TrainBatch 56
right:9
Here is TrainBatch 57
right:9
Here is TrainBatch 58
right:9
Here is TrainBatch 59
right:10
Here is TrainBatch 60
right:10
Here is TrainBatch 61
right:10
Here is TrainBatch 62
right:10
Here is TrainBatch 63
right:10
Here is TrainBatch 64
right:10
Here is TrainBatch 65
right:10
Here is TrainBatch 66
right:10
Here is TrainBatch 67
right:11
Here is TrainBatch 68
right:11
Here is TrainBatch 69
right:11
Here is TrainBatch 70
right:12
Here is TrainBatch 71
right:12
Here is TrainBatch 72
right:13
Here is TrainBatch 73
right:13
Here is TrainBatch 74
right:13
Here is TrainBatch 75
right:13
Here is TrainBatch 76
right:13
Here is TrainBatch 77
right:14
Here is TrainBatch 78
right:15
Here is TrainBatch 79
right:15
Here is TrainBatch 80
right:15
Here is TrainBatch 81
right:15
Here is TrainBatch 82
right:15
Here is TrainBatch 83
right:15
Here is TrainBatch 84
right:15
Here is TrainBatch 85
right:15
Here is TrainBatch 86
right:15
Here is TrainBatch 87
right:15
Here is TrainBatch 88
right:15
Here is TrainBatch 89
right:15
Here is TrainBatch 90
right:15
Here is TrainBatch 91
right:15
Here is TrainBatch 92
right:15
Here is TrainBatch 93
right:15
Here is TrainBatch 94
right:15
Here is TrainBatch 95
right:15
Here is TrainBatch 96
right:15
Here is TrainBatch 97
right:15
Here is TrainBatch 98
right:15
Here is TrainBatch 99
right:16
Here is TrainBatch 0
right:0
Here is TrainBatch 1
right:0
Here is TrainBatch 2
right:1
Here is TrainBatch 3
right:1
Here is TrainBatch 4
right:2
Here is TrainBatch 5
right:3
Here is TrainBatch 6
right:3
Here is TrainBatch 7
right:3
Here is TrainBatch 8
right:3
Here is TrainBatch 9
right:3
Here is TrainBatch 10
right:3
Here is TrainBatch 11
right:3
Here is TrainBatch 12
right:4
Here is TrainBatch 13
right:5
Here is TrainBatch 14
right:6
Here is TrainBatch 15
right:6
Here is TrainBatch 16
right:6
Here is TrainBatch 17
right:6
Here is TrainBatch 18
right:7
Here is TrainBatch 19
right:8
Here is TrainBatch 20
right:8
Here is TrainBatch 21
right:9
Here is TrainBatch 22
right:9
Here is TrainBatch 23
right:9
Here is TrainBatch 24
right:10
Here is TrainBatch 25
right:10
Here is TrainBatch 26
right:10
Here is TrainBatch 27
right:10
Here is TrainBatch 28
right:11
Here is TrainBatch 29
right:11
Here is TrainBatch 30
right:11
Here is TrainBatch 31
right:11
Here is TrainBatch 32
right:11
Here is TrainBatch 33
right:11
Here is TrainBatch 34
right:11
Here is TrainBatch 35
right:11
Here is TrainBatch 36
right:11
Here is TrainBatch 37
right:11
Here is TrainBatch 38
right:11
Here is TrainBatch 39
right:11
Here is TrainBatch 40
right:11
Here is TrainBatch 41
right:11
Here is TrainBatch 42
right:11
Here is TrainBatch 43
right:11
Here is TrainBatch 44
right:11
Here is TrainBatch 45
right:11
Here is TrainBatch 46
right:11
Here is TrainBatch 47
right:11
Here is TrainBatch 48
right:11
Here is TrainBatch 49
right:11
Here is TrainBatch 50
right:11
Here is TrainBatch 51
right:11
Here is TrainBatch 52
right:12
Here is TrainBatch 53
right:12
Here is TrainBatch 54
right:12
Here is TrainBatch 55
right:12
Here is TrainBatch 56
right:12
Here is TrainBatch 57
right:12
Here is TrainBatch 58
right:12
Here is TrainBatch 59
right:12
Here is TrainBatch 60
right:12
Here is TrainBatch 61
right:12
Here is TrainBatch 62
right:12
Here is TrainBatch 63
right:12
Here is TrainBatch 64
right:12
Here is TrainBatch 65
right:12
Here is TrainBatch 66
right:12
Here is TrainBatch 67
right:12
Here is TrainBatch 68
right:12
Here is TrainBatch 69
right:12
Here is TrainBatch 70
right:12
Here is TrainBatch 71
right:12
Here is TrainBatch 72
right:12
Here is TrainBatch 73
right:12
Here is TrainBatch 74
right:13
Here is TrainBatch 75
right:13
Here is TrainBatch 76
right:13
Here is TrainBatch 77
right:14
Here is TrainBatch 78
right:14
Here is TrainBatch 79
right:14
Here is TrainBatch 80
right:14
Here is TrainBatch 81
right:14
Here is TrainBatch 82
right:14
Here is TrainBatch 83
right:14
Here is TrainBatch 84
right:15
Here is TrainBatch 85
right:15
Here is TrainBatch 86
right:15
Here is TrainBatch 87
right:15
Here is TrainBatch 88
right:15
Here is TrainBatch 89
right:15
Here is TrainBatch 90
right:15
Here is TrainBatch 91
right:15
Here is TrainBatch 92
right:15
Here is TrainBatch 93
right:15
Here is TrainBatch 94
right:15
Here is TrainBatch 95
right:15
Here is TrainBatch 96
right:16
Here is TrainBatch 97
right:16
Here is TrainBatch 98
right:16
Here is TrainBatch 99
right:16
batchsize:100	train: 0%
Here is TrainBatch 0
right:0
Here is TrainBatch 1
right:0
Here is TrainBatch 2
right:0
Here is TrainBatch 3
right:0
Here is TrainBatch 4
right:0
Here is TrainBatch 5
right:0
Here is TrainBatch 6
right:0
Here is TrainBatch 7
right:0
Here is TrainBatch 8
right:0
Here is TrainBatch 9
right:0
Here is TrainBatch 10
right:0
Here is TrainBatch 11
right:0
Here is TrainBatch 12
right:1
Here is TrainBatch 13
right:2
Here is TrainBatch 14
right:3
Here is TrainBatch 15
right:3
Here is TrainBatch 16
right:3
Here is TrainBatch 17
right:3
Here is TrainBatch 18
right:3
Here is TrainBatch 19
right:3
Here is TrainBatch 20
right:4
Here is TrainBatch 21
right:4
Here is TrainBatch 22
right:4
Here is TrainBatch 23
right:4
Here is TrainBatch 24
right:4
Here is TrainBatch 25
right:4
Here is TrainBatch 26
right:4
Here is TrainBatch 27
right:5
Here is TrainBatch 28
right:5
Here is TrainBatch 29
right:5
Here is TrainBatch 30
right:5
Here is TrainBatch 31
right:5
Here is TrainBatch 32
right:5
Here is TrainBatch 33
right:6
Here is TrainBatch 34
right:6
Here is TrainBatch 35
right:6
Here is TrainBatch 36
right:6
Here is TrainBatch 37
right:6
Here is TrainBatch 38
right:6
Here is TrainBatch 39
right:6
Here is TrainBatch 40
right:6
Here is TrainBatch 41
right:6
Here is TrainBatch 42
right:6
Here is TrainBatch 43
right:7
Here is TrainBatch 44
right:7
Here is TrainBatch 45
right:7
Here is TrainBatch 46
right:7
Here is TrainBatch 47
right:8
Here is TrainBatch 48
right:8
Here is TrainBatch 49
right:8
Here is TrainBatch 50
right:8
Here is TrainBatch 51
right:8
Here is TrainBatch 52
right:9
Here is TrainBatch 53
right:9
Here is TrainBatch 54
right:9
Here is TrainBatch 55
right:9
Here is TrainBatch 56
right:9
Here is TrainBatch 57
right:9
Here is TrainBatch 58
right:10
Here is TrainBatch 59
right:10
Here is TrainBatch 60
right:10
Here is TrainBatch 61
right:10
Here is TrainBatch 62
right:11
Here is TrainBatch 63
right:12
Here is TrainBatch 64
right:12
Here is TrainBatch 65
right:12
Here is TrainBatch 66
right:12
Here is TrainBatch 67
right:13
Here is TrainBatch 68
right:13
Here is TrainBatch 69
right:13
Here is TrainBatch 70
right:13
Here is TrainBatch 71
right:13
Here is TrainBatch 72
right:13
Here is TrainBatch 73
right:13
Here is TrainBatch 74
right:13
Here is TrainBatch 75
right:13
Here is TrainBatch 76
right:13
Here is TrainBatch 77
right:13
Here is TrainBatch 78
right:13
Here is TrainBatch 79
right:13
Here is TrainBatch 80
right:14
Here is TrainBatch 81
right:14
Here is TrainBatch 82
right:14
Here is TrainBatch 83
right:14
Here is TrainBatch 84
right:14
Here is TrainBatch 85
right:15
Here is TrainBatch 86
right:15
Here is TrainBatch 87
right:15
Here is TrainBatch 88
right:16
Here is TrainBatch 89
right:16
Here is TrainBatch 90
right:16
Here is TrainBatch 91
right:16
Here is TrainBatch 92
right:16
Here is TrainBatch 93
right:16
Here is TrainBatch 94
right:17
Here is TrainBatch 95
right:17
Here is TrainBatch 96
right:17
Here is TrainBatch 97
right:17
Here is TrainBatch 98
right:17
Here is TrainBatch 99
right:17
batchsize:100	train: 0%
test: 0%
test: 0%
test: 0%
test: 0%
test: 0%
test: 0%
test: 0%
test: 0%
test: 0%
test: 0%
test: 0%
test: 0%
test: 0%
test: 0%
test: 0%
test: 0%
test: 0%
test: 5%
test: 5%
1/20
Time:283364825
Here is TrainBatch 0
right:0
Here is TrainBatch 1
right:1
Here is TrainBatch 2
right:1
Here is TrainBatch 3
right:1
Here is TrainBatch 4
right:1
Here is TrainBatch 5
right:1
Here is TrainBatch 6
right:1
Here is TrainBatch 7
right:2
Here is TrainBatch 8
right:2
Here is TrainBatch 9
right:2
Here is TrainBatch 10
right:3
Here is TrainBatch 11
right:3
Here is TrainBatch 12
right:4
Here is TrainBatch 13
right:4
Here is TrainBatch 14
right:4
Here is TrainBatch 15
right:4
Here is TrainBatch 16
right:4
Here is TrainBatch 17
right:4
Here is TrainBatch 18
right:4
Here is TrainBatch 19
right:4
Here is TrainBatch 20
right:4
Here is TrainBatch 21
right:4
Here is TrainBatch 22
right:4
Here is TrainBatch 23
right:4
Here is TrainBatch 24
right:4
Here is TrainBatch 25
right:4
Here is TrainBatch 26
right:4
Here is TrainBatch 27
right:5
Here is TrainBatch 28
right:5
Here is TrainBatch 29
right:5
Here is TrainBatch 30
right:6
Here is TrainBatch 31
right:6
Here is TrainBatch 32
right:6
Here is TrainBatch 33
right:6
Here is TrainBatch 34
right:6
Here is TrainBatch 35
right:6
Here is TrainBatch 36
right:6
Here is TrainBatch 37
right:6
Here is TrainBatch 38
right:6
Here is TrainBatch 39
right:6
Here is TrainBatch 40
right:6
Here is TrainBatch 41
right:6
Here is TrainBatch 42
right:6
Here is TrainBatch 43
right:6
Here is TrainBatch 44
right:7
Here is TrainBatch 45
right:7
Here is TrainBatch 46
right:7
Here is TrainBatch 47
right:7
Here is TrainBatch 48
right:7
Here is TrainBatch 49
right:8
Here is TrainBatch 50
right:9
Here is TrainBatch 51
right:9
Here is TrainBatch 52
right:9
Here is TrainBatch 53
right:9
Here is TrainBatch 54
right:9
Here is TrainBatch 55
right:9
Here is TrainBatch 56
right:9
Here is TrainBatch 57
right:9
Here is TrainBatch 58
right:9
Here is TrainBatch 59
right:9
Here is TrainBatch 60
right:9
Here is TrainBatch 61
right:9
Here is TrainBatch 62
right:9
Here is TrainBatch 63
right:9
Here is TrainBatch 64
right:9
Here is TrainBatch 65
right:9
Here is TrainBatch 66
right:9
Here is TrainBatch 67
right:9
Here is TrainBatch 68
right:9
Here is TrainBatch 69
right:9
Here is TrainBatch 70
right:9
Here is TrainBatch 71
right:9
Here is TrainBatch 72
right:9
Here is TrainBatch 73
right:10
Here is TrainBatch 74
right:11
Here is TrainBatch 75
right:11
Here is TrainBatch 76
right:11
Here is TrainBatch 77
right:11
Here is TrainBatch 78
right:11
Here is TrainBatch 79
right:11
Here is TrainBatch 80
right:11
Here is TrainBatch 81
right:11
Here is TrainBatch 82
right:11
Here is TrainBatch 83
right:12
Here is TrainBatch 84
right:12
Here is TrainBatch 85
right:12
Here is TrainBatch 86
right:13
Here is TrainBatch 87
right:13
Here is TrainBatch 88
right:13
Here is TrainBatch 89
right:13
Here is TrainBatch 90
right:13
Here is TrainBatch 91
right:13
Here is TrainBatch 92
right:13
Here is TrainBatch 93
right:13
Here is TrainBatch 94
right:13
Here is TrainBatch 95
right:13
Here is TrainBatch 96
right:13
Here is TrainBatch 97
right:13
Here is TrainBatch 98
right:14
Here is TrainBatch 99
right:14
Here is TrainBatch 0
right:0
Here is TrainBatch 1
right:0
Here is TrainBatch 2
right:1
Here is TrainBatch 3
right:1
Here is TrainBatch 4
right:2
Here is TrainBatch 5
right:3
Here is TrainBatch 6
right:3
Here is TrainBatch 7
right:3
Here is TrainBatch 8
right:4
Here is TrainBatch 9
right:4
Here is TrainBatch 10
right:4
Here is TrainBatch 11
right:4
Here is TrainBatch 12
right:5
Here is TrainBatch 13
right:6
Here is TrainBatch 14
right:7
Here is TrainBatch 15
right:7
Here is TrainBatch 16
right:7
Here is TrainBatch 17
right:7
Here is TrainBatch 18
right:8
Here is TrainBatch 19
right:9
Here is TrainBatch 20
right:9
Here is TrainBatch 21
right:10
Here is TrainBatch 22
right:10
Here is TrainBatch 23
right:10
Here is TrainBatch 24
right:11
Here is TrainBatch 25
right:11
Here is TrainBatch 26
right:11
Here is TrainBatch 27
right:11
Here is TrainBatch 28
right:12
Here is TrainBatch 29
right:12
Here is TrainBatch 30
right:12
Here is TrainBatch 31
right:12
Here is TrainBatch 32
right:12
Here is TrainBatch 33
right:12
Here is TrainBatch 34
right:12
Here is TrainBatch 35
right:12
Here is TrainBatch 36
right:12
Here is TrainBatch 37
right:12
Here is TrainBatch 38
right:12
Here is TrainBatch 39
right:12
Here is TrainBatch 40
right:12
Here is TrainBatch 41
right:12
Here is TrainBatch 42
right:12
Here is TrainBatch 43
right:12
Here is TrainBatch 44
right:12
Here is TrainBatch 45
right:12
Here is TrainBatch 46
right:12
Here is TrainBatch 47
right:12
Here is TrainBatch 48
right:12
Here is TrainBatch 49
right:12
Here is TrainBatch 50
right:12
Here is TrainBatch 51
right:12
Here is TrainBatch 52
right:13
Here is TrainBatch 53
right:13
Here is TrainBatch 54
right:13
Here is TrainBatch 55
right:13
Here is TrainBatch 56
right:14
Here is TrainBatch 57
right:14
Here is TrainBatch 58
right:14
Here is TrainBatch 59
right:14
Here is TrainBatch 60
right:14
Here is TrainBatch 61
right:14
Here is TrainBatch 62
right:14
Here is TrainBatch 63
right:14
Here is TrainBatch 64
right:14
Here is TrainBatch 65
right:14
Here is TrainBatch 66
right:14
Here is TrainBatch 67
right:14
Here is TrainBatch 68
right:14
Here is TrainBatch 69
right:15
Here is TrainBatch 70
right:15
Here is TrainBatch 71
right:15
Here is TrainBatch 72
right:15
Here is TrainBatch 73
right:15
Here is TrainBatch 74
right:16
Here is TrainBatch 75
right:16
Here is TrainBatch 76
right:16
Here is TrainBatch 77
right:17
Here is TrainBatch 78
right:17
Here is TrainBatch 79
right:17
Here is TrainBatch 80
right:17
Here is TrainBatch 81
right:17
Here is TrainBatch 82
right:17
Here is TrainBatch 83
right:17
Here is TrainBatch 84
right:18
Here is TrainBatch 85
right:18
Here is TrainBatch 86
right:18
Here is TrainBatch 87
right:18
Here is TrainBatch 88
right:18
Here is TrainBatch 89
right:18
Here is TrainBatch 90
right:18
Here is TrainBatch 91
right:18
Here is TrainBatch 92
right:19
Here is TrainBatch 93
right:19
Here is TrainBatch 94
right:19
Here is TrainBatch 95
right:19
Here is TrainBatch 96
right:19
Here is TrainBatch 97
right:19
Here is TrainBatch 98
right:19
Here is TrainBatch 99
right:19
batchsize:100	train: 0%
Here is TrainBatch 0
right:1
Here is TrainBatch 1
right:2
Here is TrainBatch 2
right:2
Here is TrainBatch 3
right:2
Here is TrainBatch 4
right:2
Here is TrainBatch 5
right:3
Here is TrainBatch 6
right:3
Here is TrainBatch 7
right:3
Here is TrainBatch 8
right:4
Here is TrainBatch 9
right:4
Here is TrainBatch 10
right:4
Here is TrainBatch 11
right:5
Here is TrainBatch 12
right:5
Here is TrainBatch 13
right:5
Here is TrainBatch 14
right:5
Here is TrainBatch 15
right:5
Here is TrainBatch 16
right:5
Here is TrainBatch 17
right:5
Here is TrainBatch 18
right:5
Here is TrainBatch 19
right:5
Here is TrainBatch 20
right:5
Here is TrainBatch 21
right:5
Here is TrainBatch 22
right:5
Here is TrainBatch 23
right:5
Here is TrainBatch 24
right:6
Here is TrainBatch 25
right:6
Here is TrainBatch 26
right:6
Here is TrainBatch 27
right:6
Here is TrainBatch 28
right:6
Here is TrainBatch 29
right:6
Here is TrainBatch 30
right:6
Here is TrainBatch 31
right:7
Here is TrainBatch 32
right:7
Here is TrainBatch 33
right:7
Here is TrainBatch 34
right:7
Here is TrainBatch 35
right:7
Here is TrainBatch 36
right:7
Here is TrainBatch 37
right:7
Here is TrainBatch 38
right:7
Here is TrainBatch 39
right:7
Here is TrainBatch 40
right:7
Here is TrainBatch 41
right:7
Here is TrainBatch 42
right:7
Here is TrainBatch 43
right:7
Here is TrainBatch 44
right:7
Here is TrainBatch 45
right:7
Here is TrainBatch 46
right:7
Here is TrainBatch 47
right:7
Here is TrainBatch 48
right:8
Here is TrainBatch 49
right:8
Here is TrainBatch 50
right:8
Here is TrainBatch 51
right:9
Here is TrainBatch 52
right:9
Here is TrainBatch 53
right:9
Here is TrainBatch 54
right:9
Here is TrainBatch 55
right:9
Here is TrainBatch 56
right:9
Here is TrainBatch 57
right:9
Here is TrainBatch 58
right:9
Here is TrainBatch 59
right:9
Here is TrainBatch 60
right:9
Here is TrainBatch 61
right:9
Here is TrainBatch 62
right:9
Here is TrainBatch 63
right:9
Here is TrainBatch 64
right:9
Here is TrainBatch 65
right:9
Here is TrainBatch 66
right:9
Here is TrainBatch 67
right:9
Here is TrainBatch 68
right:9
Here is TrainBatch 69
right:10
Here is TrainBatch 70
right:11
Here is TrainBatch 71
right:11
Here is TrainBatch 72
right:11
Here is TrainBatch 73
right:11
Here is TrainBatch 74
right:11
Here is TrainBatch 75
right:11
Here is TrainBatch 76
right:12
Here is TrainBatch 77
right:12
Here is TrainBatch 78
right:12
Here is TrainBatch 79
right:12
Here is TrainBatch 80
right:12
Here is TrainBatch 81
right:12
Here is TrainBatch 82
right:12
Here is TrainBatch 83
right:12
Here is TrainBatch 84
right:12
Here is TrainBatch 85
right:12
Here is TrainBatch 86
right:12
Here is TrainBatch 87
right:12
Here is TrainBatch 88
right:12
Here is TrainBatch 89
right:12
Here is TrainBatch 90
right:13
Here is TrainBatch 91
right:13
Here is TrainBatch 92
right:13
Here is TrainBatch 93
right:13
Here is TrainBatch 94
right:13
Here is TrainBatch 95
right:13
Here is TrainBatch 96
right:13
Here is TrainBatch 97
right:13
Here is TrainBatch 98
right:13
Here is TrainBatch 99
right:13
batchsize:100	train: 0%
test: 0%
test: 0%
test: 0%
test: 0%
test: 0%
test: 0%
test: 0%
test: 0%
test: 0%
test: 0%
test: 0%
test: 0%
test: 0%
test: 0%
test: 0%
test: 0%
test: 0%
test: 0%
test: 0%
0/20
Time:566589784
Here is TrainBatch 0
right:0
Here is TrainBatch 1
right:0
Here is TrainBatch 2
right:1
Here is TrainBatch 3
right:1
Here is TrainBatch 4
right:1
Here is TrainBatch 5
right:2
Here is TrainBatch 6
right:2
Here is TrainBatch 7
right:2
Here is TrainBatch 8
right:2
Here is TrainBatch 9
right:2
Here is TrainBatch 10
right:2
Here is TrainBatch 11
right:2
Here is TrainBatch 12
right:2
Here is TrainBatch 13
right:2
Here is TrainBatch 14
right:2
Here is TrainBatch 15
right:3
Here is TrainBatch 16
right:4
Here is TrainBatch 17
right:4
Here is TrainBatch 18
right:4
Here is TrainBatch 19
right:4
Here is TrainBatch 20
right:4
Here is TrainBatch 21
right:4
Here is TrainBatch 22
right:4
Here is TrainBatch 23
right:4
Here is TrainBatch 24
right:4
Here is TrainBatch 25
right:5
Here is TrainBatch 26
right:5
Here is TrainBatch 27
right:5
Here is TrainBatch 28
right:6
Here is TrainBatch 29
right:6
Here is TrainBatch 30
right:6
Here is TrainBatch 31
right:6
Here is TrainBatch 32
right:6
Here is TrainBatch 33
right:6
Here is TrainBatch 34
right:6
Here is TrainBatch 35
right:6
Here is TrainBatch 36
right:6
Here is TrainBatch 37
right:6
Here is TrainBatch 38
right:6
Here is TrainBatch 39
right:6
Here is TrainBatch 40
right:6
Here is TrainBatch 41
right:6
Here is TrainBatch 42
right:7
Here is TrainBatch 43
right:7
Here is TrainBatch 44
right:7
Here is TrainBatch 45
right:7
Here is TrainBatch 46
right:7
Here is TrainBatch 47
right:7
Here is TrainBatch 48
right:7
Here is TrainBatch 49
right:7
Here is TrainBatch 50
right:7
Here is TrainBatch 51
right:7
Here is TrainBatch 52
right:7
Here is TrainBatch 53
right:7
Here is TrainBatch 54
right:7
Here is TrainBatch 55
right:7
Here is TrainBatch 56
right:7
Here is TrainBatch 57
right:7
Here is TrainBatch 58
right:7
Here is TrainBatch 59
right:7
Here is TrainBatch 60
right:7
Here is TrainBatch 61
right:7
Here is TrainBatch 62
right:7
Here is TrainBatch 63
right:7
Here is TrainBatch 64
right:7
Here is TrainBatch 65
right:7
Here is TrainBatch 66
right:7
Here is TrainBatch 67
right:7
Here is TrainBatch 68
right:7
Here is TrainBatch 69
right:7
Here is TrainBatch 70
right:7
Here is TrainBatch 71
right:7
Here is TrainBatch 72
right:7
Here is TrainBatch 73
right:7
Here is TrainBatch 74
right:7
Here is TrainBatch 75
right:7
Here is TrainBatch 76
right:8
Here is TrainBatch 77
right:8
Here is TrainBatch 78
right:8
Here is TrainBatch 79
right:8
Here is TrainBatch 80
right:8
Here is TrainBatch 81
right:8
Here is TrainBatch 82
right:9
Here is TrainBatch 83
right:9
Here is TrainBatch 84
right:9
Here is TrainBatch 85
right:9
Here is TrainBatch 86
right:9
Here is TrainBatch 87
right:9
Here is TrainBatch 88
right:9
Here is TrainBatch 89
right:9
Here is TrainBatch 90
right:9
Here is TrainBatch 91
right:9
Here is TrainBatch 92
right:9
Here is TrainBatch 93
right:9
Here is TrainBatch 94
right:9
Here is TrainBatch 95
right:9
Here is TrainBatch 96
right:10
Here is TrainBatch 97
right:10
Here is TrainBatch 98
right:10
Here is TrainBatch 99
right:10
Here is TrainBatch 0
right:0
Here is TrainBatch 1
right:0
Here is TrainBatch 2
right:0
Here is TrainBatch 3
right:1
Here is TrainBatch 4
right:1
Here is TrainBatch 5
right:1
Here is TrainBatch 6
right:1
Here is TrainBatch 7
right:1
Here is TrainBatch 8
right:1
Here is TrainBatch 9
right:1
Here is TrainBatch 10
right:1
Here is TrainBatch 11
right:1
Here is TrainBatch 12
right:1
Here is TrainBatch 13
right:1
Here is TrainBatch 14
right:1
Here is TrainBatch 15
right:2
Here is TrainBatch 16
right:2
Here is TrainBatch 17
right:2
Here is TrainBatch 18
right:2
Here is TrainBatch 19
right:2
Here is TrainBatch 20
right:2
Here is TrainBatch 21
right:2
Here is TrainBatch 22
right:2
Here is TrainBatch 23
right:2
Here is TrainBatch 24
right:2
Here is TrainBatch 25
right:2
Here is TrainBatch 26
right:2
Here is TrainBatch 27
right:3
Here is TrainBatch 28
right:3
Here is TrainBatch 29
right:3
Here is TrainBatch 30
right:3
Here is TrainBatch 31
right:4
Here is TrainBatch 32
right:4
Here is TrainBatch 33
right:4
Here is TrainBatch 34
right:4
Here is TrainBatch 35
right:4
Here is TrainBatch 36
right:4
Here is TrainBatch 37
right:4
Here is TrainBatch 38
right:4
Here is TrainBatch 39
right:5
Here is TrainBatch 40
right:5
Here is TrainBatch 41
right:5
Here is TrainBatch 42
right:6
Here is TrainBatch 43
right:6
Here is TrainBatch 44
right:6
Here is TrainBatch 45
right:6
Here is TrainBatch 46
right:6
Here is TrainBatch 47
right:6
Here is TrainBatch 48
right:6
Here is TrainBatch 49
right:6
Here is TrainBatch 50
right:7
Here is TrainBatch 51
right:8
Here is TrainBatch 52
right:8
Here is TrainBatch 53
right:8
Here is TrainBatch 54
right:8
Here is TrainBatch 55
right:9
Here is TrainBatch 56
right:9
Here is TrainBatch 57
right:9
Here is TrainBatch 58
right:9
Here is TrainBatch 59
right:9
Here is TrainBatch 60
right:9
Here is TrainBatch 61
right:9
Here is TrainBatch 62
right:9
Here is TrainBatch 63
right:10
Here is TrainBatch 64
right:11
Here is TrainBatch 65
right:12
Here is TrainBatch 66
right:13
Here is TrainBatch 67
right:13
Here is TrainBatch 68
right:14
Here is TrainBatch 69
right:14
Here is TrainBatch 70
right:14
Here is TrainBatch 71
right:14
Here is TrainBatch 72
right:14
Here is TrainBatch 73
right:14
Here is TrainBatch 74
right:14
Here is TrainBatch 75
right:14
Here is TrainBatch 76
right:14
Here is TrainBatch 77
right:14
Here is TrainBatch 78
right:14
Here is TrainBatch 79
right:14
Here is TrainBatch 80
right:14
Here is TrainBatch 81
right:14
Here is TrainBatch 82
right:14
Here is TrainBatch 83
right:14
Here is TrainBatch 84
right:14
Here is TrainBatch 85
right:15
Here is TrainBatch 86
right:15
Here is TrainBatch 87
right:15
Here is TrainBatch 88
right:15
Here is TrainBatch 89
right:15
Here is TrainBatch 90
right:15
Here is TrainBatch 91
right:15
Here is TrainBatch 92
right:15
Here is TrainBatch 93
right:15
Here is TrainBatch 94
right:16
Here is TrainBatch 95
right:16
Here is TrainBatch 96
right:17
Here is TrainBatch 97
right:17
Here is TrainBatch 98
right:17
Here is TrainBatch 99
right:17
batchsize:100	train: 0%
Here is TrainBatch 0
right:0
Here is TrainBatch 1
right:0
Here is TrainBatch 2
right:0
Here is TrainBatch 3
right:0
Here is TrainBatch 4
right:0
Here is TrainBatch 5
right:0
Here is TrainBatch 6
right:0
Here is TrainBatch 7
right:0
Here is TrainBatch 8
right:0
Here is TrainBatch 9
right:0
Here is TrainBatch 10
right:0
Here is TrainBatch 11
right:0
Here is TrainBatch 12
right:1
Here is TrainBatch 13
right:1
Here is TrainBatch 14
right:2
Here is TrainBatch 15
right:2
Here is TrainBatch 16
right:2
Here is TrainBatch 17
right:3
Here is TrainBatch 18
right:3
Here is TrainBatch 19
right:3
Here is TrainBatch 20
right:4
Here is TrainBatch 21
right:4
Here is TrainBatch 22
right:4
Here is TrainBatch 23
right:5
Here is TrainBatch 24
right:5
Here is TrainBatch 25
right:5
Here is TrainBatch 26
right:5
Here is TrainBatch 27
right:5
Here is TrainBatch 28
right:5
Here is TrainBatch 29
right:5
Here is TrainBatch 30
right:6
Here is TrainBatch 31
right:6
Here is TrainBatch 32
right:6
Here is TrainBatch 33
right:6
Here is TrainBatch 34
right:6
Here is TrainBatch 35
right:6
Here is TrainBatch 36
right:6
Here is TrainBatch 37
right:6
Here is TrainBatch 38
right:6
Here is TrainBatch 39
right:6
Here is TrainBatch 40
right:6
Here is TrainBatch 41
right:6
Here is TrainBatch 42
right:6
Here is TrainBatch 43
right:7
Here is TrainBatch 44
right:7
Here is TrainBatch 45
right:7
Here is TrainBatch 46
right:7
Here is TrainBatch 47
right:7
Here is TrainBatch 48
right:7
Here is TrainBatch 49
right:7
Here is TrainBatch 50
right:7
Here is TrainBatch 51
right:7
Here is TrainBatch 52
right:7
Here is TrainBatch 53
right:7
Here is TrainBatch 54
right:7
Here is TrainBatch 55
right:7
Here is TrainBatch 56
right:7
Here is TrainBatch 57
right:8
Here is TrainBatch 58
right:9
Here is TrainBatch 59
right:9
Here is TrainBatch 60
right:9
Here is TrainBatch 61
right:9
Here is TrainBatch 62
right:9
Here is TrainBatch 63
right:10
Here is TrainBatch 64
right:10
Here is TrainBatch 65
right:10
Here is TrainBatch 66
right:10
Here is TrainBatch 67
right:10
Here is TrainBatch 68
right:10
Here is TrainBatch 69
right:10
Here is TrainBatch 70
right:10
Here is TrainBatch 71
right:11
Here is TrainBatch 72
right:11
Here is TrainBatch 73
right:11
Here is TrainBatch 74
right:11
Here is TrainBatch 75
right:12
Here is TrainBatch 76
right:12
Here is TrainBatch 77
right:12
Here is TrainBatch 78
right:13
Here is TrainBatch 79
right:13
Here is TrainBatch 80
right:14
Here is TrainBatch 81
right:14
Here is TrainBatch 82
right:14
Here is TrainBatch 83
right:14
Here is TrainBatch 84
right:14
Here is TrainBatch 85
right:15
Here is TrainBatch 86
right:15
Here is TrainBatch 87
right:15
Here is TrainBatch 88
right:16
Here is TrainBatch 89
right:17
Here is TrainBatch 90
right:17
Here is TrainBatch 91
right:17
Here is TrainBatch 92
right:17
Here is TrainBatch 93
right:17
Here is TrainBatch 94
right:18
Here is TrainBatch 95
right:18
Here is TrainBatch 96
right:18
Here is TrainBatch 97
right:19
Here is TrainBatch 98
right:19
Here is TrainBatch 99
right:19
batchsize:100	train: 0%
test: 0%
test: 0%
test: 0%
test: 0%
test: 0%
test: 0%
test: 0%
test: 0%
test: 0%
test: 0%
test: 5%
test: 5%
test: 5%
test: 5%
test: 5%
test: 5%
test:10%
test:10%
test:10%
2/20
Time:849812688
Here is TrainBatch 0
right:1
Here is TrainBatch 1
right:1
Here is TrainBatch 2
right:2
Here is TrainBatch 3
right:2
Here is TrainBatch 4
right:2
Here is TrainBatch 5
right:2
Here is TrainBatch 6
right:2
Here is TrainBatch 7
right:2
Here is TrainBatch 8
right:2
Here is TrainBatch 9
right:3
Here is TrainBatch 10
right:3
Here is TrainBatch 11
right:4
Here is TrainBatch 12
right:4
Here is TrainBatch 13
right:5
Here is TrainBatch 14
right:5
Here is TrainBatch 15
right:6
Here is TrainBatch 16
right:6
Here is TrainBatch 17
right:6
Here is TrainBatch 18
right:7
Here is TrainBatch 19
right:8
Here is TrainBatch 20
right:9
Here is TrainBatch 21
right:9
Here is TrainBatch 22
right:10
Here is TrainBatch 23
right:10
Here is TrainBatch 24
right:10
Here is TrainBatch 25
right:10
Here is TrainBatch 26
right:11
Here is TrainBatch 27
right:11
Here is TrainBatch 28
right:11
Here is TrainBatch 29
right:12
Here is TrainBatch 30
right:12
Here is TrainBatch 31
right:12
Here is TrainBatch 32
right:13
Here is TrainBatch 33
right:14
Here is TrainBatch 34
right:14
Here is TrainBatch 35
right:15
Here is TrainBatch 36
right:16
Here is TrainBatch 37
right:16
Here is TrainBatch 38
right:16
Here is TrainBatch 39
right:17
Here is TrainBatch 40
right:17
Here is TrainBatch 41
right:17
Here is TrainBatch 42
right:18
Here is TrainBatch 43
right:18
Here is TrainBatch 44
right:18
Here is TrainBatch 45
right:19
Here is TrainBatch 46
right:19
Here is TrainBatch 47
right:19
Here is TrainBatch 48
right:19
Here is TrainBatch 49
right:19
Here is TrainBatch 50
right:19
Here is TrainBatch 51
right:19
Here is TrainBatch 52
right:20
Here is TrainBatch 53
right:21
Here is TrainBatch 54
right:21
Here is TrainBatch 55
right:21
Here is TrainBatch 56
right:21
Here is TrainBatch 57
right:22
Here is TrainBatch 58
right:23
Here is TrainBatch 59
right:23
Here is TrainBatch 60
right:24
Here is TrainBatch 61
right:25
Here is TrainBatch 62
right:26
Here is TrainBatch 63
right:26
Here is TrainBatch 64
right:27
Here is TrainBatch 65
right:27
Here is TrainBatch 66
right:28
Here is TrainBatch 67
right:28
Here is TrainBatch 68
right:28
Here is TrainBatch 69
right:28
Here is TrainBatch 70
right:28
Here is TrainBatch 71
right:29
Here is TrainBatch 72
right:29
Here is TrainBatch 73
right:30
Here is TrainBatch 74
right:30
Here is TrainBatch 75
right:30
Here is TrainBatch 76
right:31
Here is TrainBatch 77
right:31
Here is TrainBatch 78
right:31
Here is TrainBatch 79
right:32
Here is TrainBatch 80
right:32
Here is TrainBatch 81
right:32
Here is TrainBatch 82
right:32
Here is TrainBatch 83
right:33
Here is TrainBatch 84
right:34
Here is TrainBatch 85
right:34
Here is TrainBatch 86
right:34
Here is TrainBatch 87
right:34
Here is TrainBatch 88
right:34
Here is TrainBatch 89
right:35
Here is TrainBatch 90
right:36
Here is TrainBatch 91
right:37
Here is TrainBatch 92
right:38
Here is TrainBatch 93
right:39
Here is TrainBatch 94
right:39
Here is TrainBatch 95
right:39
Here is TrainBatch 96
right:40
Here is TrainBatch 97
right:40
Here is TrainBatch 98
right:40
Here is TrainBatch 99
right:40
Here is TrainBatch 0
right:0
Here is TrainBatch 1
right:1
Here is TrainBatch 2
right:1
Here is TrainBatch 3
right:2
Here is TrainBatch 4
right:2
Here is TrainBatch 5
right:2
Here is TrainBatch 6
right:3
Here is TrainBatch 7
right:3
Here is TrainBatch 8
right:3
Here is TrainBatch 9
right:3
Here is TrainBatch 10
right:3
Here is TrainBatch 11
right:3
Here is TrainBatch 12
right:3
Here is TrainBatch 13
right:3
Here is TrainBatch 14
right:3
Here is TrainBatch 15
right:4
Here is TrainBatch 16
right:4
Here is TrainBatch 17
right:4
Here is TrainBatch 18
right:4
Here is TrainBatch 19
right:4
Here is TrainBatch 20
right:4
Here is TrainBatch 21
right:4
Here is TrainBatch 22
right:4
Here is TrainBatch 23
right:5
Here is TrainBatch 24
right:5
Here is TrainBatch 25
right:5
Here is TrainBatch 26
right:6
Here is TrainBatch 27
right:7
Here is TrainBatch 28
right:7
Here is TrainBatch 29
right:8
Here is TrainBatch 30
right:8
Here is TrainBatch 31
right:9
Here is TrainBatch 32
right:9
Here is TrainBatch 33
right:10
Here is TrainBatch 34
right:10
Here is TrainBatch 35
right:10
Here is TrainBatch 36
right:10
Here is TrainBatch 37
right:10
Here is TrainBatch 38
right:10
Here is TrainBatch 39
right:11
Here is TrainBatch 40
right:12
Here is TrainBatch 41
right:13
Here is TrainBatch 42
right:14
Here is TrainBatch 43
right:14
Here is TrainBatch 44
right:14
Here is TrainBatch 45
right:14
Here is TrainBatch 46
right:14
Here is TrainBatch 47
right:15
Here is TrainBatch 48
right:15
Here is TrainBatch 49
right:15
Here is TrainBatch 50
right:16
Here is TrainBatch 51
right:17
Here is TrainBatch 52
right:17
Here is TrainBatch 53
right:17
Here is TrainBatch 54
right:17
Here is TrainBatch 55
right:18
Here is TrainBatch 56
right:18
Here is TrainBatch 57
right:18
Here is TrainBatch 58
right:18
Here is TrainBatch 59
right:18
Here is TrainBatch 60
right:18
Here is TrainBatch 61
right:18
Here is TrainBatch 62
right:18
Here is TrainBatch 63
right:19
Here is TrainBatch 64
right:20
Here is TrainBatch 65
right:21
Here is TrainBatch 66
right:22
Here is TrainBatch 67
right:23
Here is TrainBatch 68
right:23
Here is TrainBatch 69
right:23
Here is TrainBatch 70
right:23
Here is TrainBatch 71
right:23
Here is TrainBatch 72
right:23
Here is TrainBatch 73
right:23
Here is TrainBatch 74
right:23
Here is TrainBatch 75
right:23
Here is TrainBatch 76
right:23
Here is TrainBatch 77
right:23
Here is TrainBatch 78
right:23
Here is TrainBatch 79
right:23
Here is TrainBatch 80
right:23
Here is TrainBatch 81
right:23
Here is TrainBatch 82
right:23
Here is TrainBatch 83
right:23
Here is TrainBatch 84
right:23
Here is TrainBatch 85
right:24
Here is TrainBatch 86
right:25
Here is TrainBatch 87
right:25
Here is TrainBatch 88
right:25
Here is TrainBatch 89
right:25
Here is TrainBatch 90
right:25
Here is TrainBatch 91
right:25
Here is TrainBatch 92
right:25
Here is TrainBatch 93
right:26
Here is TrainBatch 94
right:27
Here is TrainBatch 95
right:27
Here is TrainBatch 96
right:28
Here is TrainBatch 97
right:28
Here is TrainBatch 98
right:28
Here is TrainBatch 99
right:28
batchsize:100	train: 0%
Here is TrainBatch 0
right:0
Here is TrainBatch 1
right:0
Here is TrainBatch 2
right:0
Here is TrainBatch 3
right:0
Here is TrainBatch 4
right:0
Here is TrainBatch 5
right:0
Here is TrainBatch 6
right:0
Here is TrainBatch 7
right:0
Here is TrainBatch 8
right:0
Here is TrainBatch 9
right:0
Here is TrainBatch 10
right:0
Here is TrainBatch 11
right:0
Here is TrainBatch 12
right:1
Here is TrainBatch 13
right:2
Here is TrainBatch 14
right:3
Here is TrainBatch 15
right:3
Here is TrainBatch 16
right:3
Here is TrainBatch 17
right:4
Here is TrainBatch 18
right:5
Here is TrainBatch 19
right:5
Here is TrainBatch 20
right:6
Here is TrainBatch 21
right:7
Here is TrainBatch 22
right:8
Here is TrainBatch 23
right:9
Here is TrainBatch 24
right:9
Here is TrainBatch 25
right:9
Here is TrainBatch 26
right:9
Here is TrainBatch 27
right:10
Here is TrainBatch 28
right:10
Here is TrainBatch 29
right:10
Here is TrainBatch 30
right:11
Here is TrainBatch 31
right:11
Here is TrainBatch 32
right:11
Here is TrainBatch 33
right:12
Here is TrainBatch 34
right:12
Here is TrainBatch 35
right:12
Here is TrainBatch 36
right:12
Here is TrainBatch 37
right:13
Here is TrainBatch 38
right:14
Here is TrainBatch 39
right:14
Here is TrainBatch 40
right:14
Here is TrainBatch 41
right:15
Here is TrainBatch 42
right:15
Here is TrainBatch 43
right:16
Here is TrainBatch 44
right:16
Here is TrainBatch 45
right:16
Here is TrainBatch 46
right:16
Here is TrainBatch 47
right:17
Here is TrainBatch 48
right:17
Here is TrainBatch 49
right:17
Here is TrainBatch 50
right:17
Here is TrainBatch 51
right:17
Here is TrainBatch 52
right:17
Here is TrainBatch 53
right:18
Here is TrainBatch 54
right:18
Here is TrainBatch 55
right:18
Here is TrainBatch 56
right:19
Here is TrainBatch 57
right:20
Here is TrainBatch 58
right:21
Here is TrainBatch 59
right:21
Here is TrainBatch 60
right:21
Here is TrainBatch 61
right:22
Here is TrainBatch 62
right:23
Here is TrainBatch 63
right:24
Here is TrainBatch 64
right:24
Here is TrainBatch 65
right:24
Here is TrainBatch 66
right:24
Here is TrainBatch 67
right:25
Here is TrainBatch 68
right:25
Here is TrainBatch 69
right:25
Here is TrainBatch 70
right:25
Here is TrainBatch 71
right:26
Here is TrainBatch 72
right:26
Here is TrainBatch 73
right:26
Here is TrainBatch 74
right:27
Here is TrainBatch 75
right:28
Here is TrainBatch 76
right:28
Here is TrainBatch 77
right:29
Here is TrainBatch 78
right:29
Here is TrainBatch 79
right:29
Here is TrainBatch 80
right:30
Here is TrainBatch 81
right:30
Here is TrainBatch 82
right:30
Here is TrainBatch 83
right:30
Here is TrainBatch 84
right:30
Here is TrainBatch 85
right:31
Here is TrainBatch 86
right:32
Here is TrainBatch 87
right:32
Here is TrainBatch 88
right:33
Here is TrainBatch 89
right:34
Here is TrainBatch 90
right:34
Here is TrainBatch 91
right:34
Here is TrainBatch 92
right:35
Here is TrainBatch 93
right:35
Here is TrainBatch 94
right:36
Here is TrainBatch 95
right:36
Here is TrainBatch 96
right:36
Here is TrainBatch 97
right:37
Here is TrainBatch 98
right:37
Here is TrainBatch 99
right:38
batchsize:100	train: 0%
test: 0%
test: 0%
test: 0%
test: 0%
test: 0%
test: 0%
test: 0%
test: 0%
test: 0%
test: 0%
test: 5%
test: 5%
test: 5%
test: 5%
test: 5%
test: 5%
test: 5%
test: 5%
test: 5%
1/20
Time:1133054569
Here is TrainBatch 0
right:0
Here is TrainBatch 1
right:0
Here is TrainBatch 2
right:1
Here is TrainBatch 3
right:1
Here is TrainBatch 4
right:1
Here is TrainBatch 5
right:1
Here is TrainBatch 6
right:1
Here is TrainBatch 7
right:1
Here is TrainBatch 8
right:1
Here is TrainBatch 9
right:2
Here is TrainBatch 10
right:2
Here is TrainBatch 11
right:3
Here is TrainBatch 12
right:3
Here is TrainBatch 13
right:4
Here is TrainBatch 14
right:4
Here is TrainBatch 15
right:5
Here is TrainBatch 16
right:5
Here is TrainBatch 17
right:5
Here is TrainBatch 18
right:6
Here is TrainBatch 19
right:7
Here is TrainBatch 20
right:8
Here is TrainBatch 21
right:8
Here is TrainBatch 22
right:8
Here is TrainBatch 23
right:8
Here is TrainBatch 24
right:8
Here is TrainBatch 25
right:8
Here is TrainBatch 26
right:9
Here is TrainBatch 27
right:9
Here is TrainBatch 28
right:9
Here is TrainBatch 29
right:9
Here is TrainBatch 30
right:9
Here is TrainBatch 31
right:9
Here is TrainBatch 32
right:10
Here is TrainBatch 33
right:10
Here is TrainBatch 34
right:10
Here is TrainBatch 35
right:10
Here is TrainBatch 36
right:11
Here is TrainBatch 37
right:11
Here is TrainBatch 38
right:11
Here is TrainBatch 39
right:12
Here is TrainBatch 40
right:12
Here is TrainBatch 41
right:12
Here is TrainBatch 42
right:13
Here is TrainBatch 43
right:13
Here is TrainBatch 44
right:13
Here is TrainBatch 45
right:13
Here is TrainBatch 46
right:13
Here is TrainBatch 47
right:13
Here is TrainBatch 48
right:13
Here is TrainBatch 49
right:13
Here is TrainBatch 50
right:13
Here is TrainBatch 51
right:13
Here is TrainBatch 52
right:14
Here is TrainBatch 53
right:15
Here is TrainBatch 54
right:15
Here is TrainBatch 55
right:15
Here is TrainBatch 56
right:15
Here is TrainBatch 57
right:15
Here is TrainBatch 58
right:16
Here is TrainBatch 59
right:16
Here is TrainBatch 60
right:17
Here is TrainBatch 61
right:18
Here is TrainBatch 62
right:19
Here is TrainBatch 63
right:19
Here is TrainBatch 64
right:20
Here is TrainBatch 65
right:20
Here is TrainBatch 66
right:21
Here is TrainBatch 67
right:21
Here is TrainBatch 68
right:21
Here is TrainBatch 69
right:21
Here is TrainBatch 70
right:21
Here is TrainBatch 71
right:21
Here is TrainBatch 72
right:21
Here is TrainBatch 73
right:22
Here is TrainBatch 74
right:22
Here is TrainBatch 75
right:22
Here is TrainBatch 76
right:22
Here is TrainBatch 77
right:22
Here is TrainBatch 78
right:22
Here is TrainBatch 79
right:22
Here is TrainBatch 80
right:22
Here is TrainBatch 81
right:22
Here is TrainBatch 82
right:22
Here is TrainBatch 83
right:23
Here is TrainBatch 84
right:24
Here is TrainBatch 85
right:24
Here is TrainBatch 86
right:24
Here is TrainBatch 87
right:24
Here is TrainBatch 88
right:24
Here is TrainBatch 89
right:25
Here is TrainBatch 90
right:26
Here is TrainBatch 91
right:26
Here is TrainBatch 92
right:27
Here is TrainBatch 93
right:28
Here is TrainBatch 94
right:28
Here is TrainBatch 95
right:28
Here is TrainBatch 96
right:29
Here is TrainBatch 97
right:29
Here is TrainBatch 98
right:29
Here is TrainBatch 99
right:29
Here is TrainBatch 0
right:0
Here is TrainBatch 1
right:1
Here is TrainBatch 2
right:1
Here is TrainBatch 3
right:2
Here is TrainBatch 4
right:2
Here is TrainBatch 5
right:2
Here is TrainBatch 6
right:3
Here is TrainBatch 7
right:3
Here is TrainBatch 8
right:3
Here is TrainBatch 9
right:3
Here is TrainBatch 10
right:3
Here is TrainBatch 11
right:3
Here is TrainBatch 12
right:3
Here is TrainBatch 13
right:3
Here is TrainBatch 14
right:3
Here is TrainBatch 15
right:4
Here is TrainBatch 16
right:4
Here is TrainBatch 17
right:4
Here is TrainBatch 18
right:4
Here is TrainBatch 19
right:4
Here is TrainBatch 20
right:4
Here is TrainBatch 21
right:4
Here is TrainBatch 22
right:4
Here is TrainBatch 23
right:5
Here is TrainBatch 24
right:5
Here is TrainBatch 25
right:5
Here is TrainBatch 26
right:6
Here is TrainBatch 27
right:7
Here is TrainBatch 28
right:7
Here is TrainBatch 29
right:8
Here is TrainBatch 30
right:8
Here is TrainBatch 31
right:9
Here is TrainBatch 32
right:9
Here is TrainBatch 33
right:10
Here is TrainBatch 34
right:10
Here is TrainBatch 35
right:10
Here is TrainBatch 36
right:10
Here is TrainBatch 37
right:10
Here is TrainBatch 38
right:10
Here is TrainBatch 39
right:11
Here is TrainBatch 40
right:12
Here is TrainBatch 41
right:13
Here is TrainBatch 42
right:14
Here is TrainBatch 43
right:14
Here is TrainBatch 44
right:14
Here is TrainBatch 45
right:14
Here is TrainBatch 46
right:14
Here is TrainBatch 47
right:15
Here is TrainBatch 48
right:15
Here is TrainBatch 49
right:15
Here is TrainBatch 50
right:16
Here is TrainBatch 51
right:17
Here is TrainBatch 52
right:17
Here is TrainBatch 53
right:18
Here is TrainBatch 54
right:18
Here is TrainBatch 55
right:19
Here is TrainBatch 56
right:19
Here is TrainBatch 57
right:19
Here is TrainBatch 58
right:20
Here is TrainBatch 59
right:20
Here is TrainBatch 60
right:20
Here is TrainBatch 61
right:20
Here is TrainBatch 62
right:20
Here is TrainBatch 63
right:21
Here is TrainBatch 64
right:22
Here is TrainBatch 65
right:23
Here is TrainBatch 66
right:24
Here is TrainBatch 67
right:25
Here is TrainBatch 68
right:26
Here is TrainBatch 69
right:26
Here is TrainBatch 70
right:26
Here is TrainBatch 71
right:26
Here is TrainBatch 72
right:26
Here is TrainBatch 73
right:26
Here is TrainBatch 74
right:26
Here is TrainBatch 75
right:26
Here is TrainBatch 76
right:27
Here is TrainBatch 77
right:27
Here is TrainBatch 78
right:27
Here is TrainBatch 79
right:27
Here is TrainBatch 80
right:27
Here is TrainBatch 81
right:27
Here is TrainBatch 82
right:27
Here is TrainBatch 83
right:28
Here is TrainBatch 84
right:28
Here is TrainBatch 85
right:29
Here is TrainBatch 86
right:30
Here is TrainBatch 87
right:30
Here is TrainBatch 88
right:30
Here is TrainBatch 89
right:30
Here is TrainBatch 90
right:30
Here is TrainBatch 91
right:30
Here is TrainBatch 92
right:30
Here is TrainBatch 93
right:31
Here is TrainBatch 94
right:32
Here is TrainBatch 95
right:33
Here is TrainBatch 96
right:34
Here is TrainBatch 97
right:34
Here is TrainBatch 98
right:34
Here is TrainBatch 99
right:34
batchsize:100	train: 0%
Here is TrainBatch 0
right:0
Here is TrainBatch 1
right:0
Here is TrainBatch 2
right:0
Here is TrainBatch 3
right:0
Here is TrainBatch 4
right:1
Here is TrainBatch 5
right:1
Here is TrainBatch 6
right:1
Here is TrainBatch 7
right:1
Here is TrainBatch 8
right:1
Here is TrainBatch 9
right:1
Here is TrainBatch 10
right:1
Here is TrainBatch 11
right:1
Here is TrainBatch 12
right:2
Here is TrainBatch 13
right:3
Here is TrainBatch 14
right:4
Here is TrainBatch 15
right:4
Here is TrainBatch 16
right:4
Here is TrainBatch 17
right:5
Here is TrainBatch 18
right:6
Here is TrainBatch 19
right:6
Here is TrainBatch 20
right:7
Here is TrainBatch 21
right:8
Here is TrainBatch 22
right:9
Here is TrainBatch 23
right:10
Here is TrainBatch 24
right:10
Here is TrainBatch 25
right:10
Here is TrainBatch 26
right:11
Here is TrainBatch 27
right:12
Here is TrainBatch 28
right:12
Here is TrainBatch 29
right:12
Here is TrainBatch 30
right:13
Here is TrainBatch 31
right:13
Here is TrainBatch 32
right:13
Here is TrainBatch 33
right:14
Here is TrainBatch 34
right:14
Here is TrainBatch 35
right:14
Here is TrainBatch 36
right:14
Here is TrainBatch 37
right:15
Here is TrainBatch 38
right:16
Here is TrainBatch 39
right:16
Here is TrainBatch 40
right:16
Here is TrainBatch 41
right:17
Here is TrainBatch 42
right:17
Here is TrainBatch 43
right:18
Here is TrainBatch 44
right:18
Here is TrainBatch 45
right:18
Here is TrainBatch 46
right:18
Here is TrainBatch 47
right:19
Here is TrainBatch 48
right:19
Here is TrainBatch 49
right:19
Here is TrainBatch 50
right:19
Here is TrainBatch 51
right:19
Here is TrainBatch 52
right:20
Here is TrainBatch 53
right:21
Here is TrainBatch 54
right:21
Here is TrainBatch 55
right:21
Here is TrainBatch 56
right:22
Here is TrainBatch 57
right:23
Here is TrainBatch 58
right:24
Here is TrainBatch 59
right:24
Here is TrainBatch 60
right:24
Here is TrainBatch 61
right:25
Here is TrainBatch 62
right:26
Here is TrainBatch 63
right:27
Here is TrainBatch 64
right:28
Here is TrainBatch 65
right:28
Here is TrainBatch 66
right:28
Here is TrainBatch 67
right:29
Here is TrainBatch 68
right:29
Here is TrainBatch 69
right:29
Here is TrainBatch 70
right:29
Here is TrainBatch 71
right:30
Here is TrainBatch 72
right:30
Here is TrainBatch 73
right:30
Here is TrainBatch 74
right:31
Here is TrainBatch 75
right:32
Here is TrainBatch 76
right:32
Here is TrainBatch 77
right:33
Here is TrainBatch 78
right:33
Here is TrainBatch 79
right:33
Here is TrainBatch 80
right:34
Here is TrainBatch 81
right:34
Here is TrainBatch 82
right:35
Here is TrainBatch 83
right:35
Here is TrainBatch 84
right:35
Here is TrainBatch 85
right:36
Here is TrainBatch 86
right:37
Here is TrainBatch 87
right:37
Here is TrainBatch 88
right:38
Here is TrainBatch 89
right:39
Here is TrainBatch 90
right:39
Here is TrainBatch 91
right:39
Here is TrainBatch 92
right:40
Here is TrainBatch 93
right:40
Here is TrainBatch 94
right:41
Here is TrainBatch 95
right:41
Here is TrainBatch 96
right:41
Here is TrainBatch 97
right:42
Here is TrainBatch 98
right:42
Here is TrainBatch 99
right:43
batchsize:100	train: 0%
test: 0%
test: 0%
test: 0%
test: 5%
test: 5%
test:10%
test:10%
test:10%
test:10%
test:10%
test:10%
test:10%
test:10%
test:10%
test:10%
test:10%
test:10%
test:10%
test:10%
2/20
Time:1419162581
Here is TrainBatch 0
right:0
Here is TrainBatch 1
right:0
Here is TrainBatch 2
right:1
Here is TrainBatch 3
right:1
Here is TrainBatch 4
right:1
Here is TrainBatch 5
right:1
Here is TrainBatch 6
right:1
Here is TrainBatch 7
right:1
Here is TrainBatch 8
right:1
Here is TrainBatch 9
right:2
Here is TrainBatch 10
right:2
Here is TrainBatch 11
right:2
Here is TrainBatch 12
right:2
Here is TrainBatch 13
right:3
Here is TrainBatch 14
right:3
Here is TrainBatch 15
right:3
Here is TrainBatch 16
right:3
Here is TrainBatch 17
right:3
Here is TrainBatch 18
right:4
Here is TrainBatch 19
right:4
Here is TrainBatch 20
right:5
Here is TrainBatch 21
right:5
Here is TrainBatch 22
right:5
Here is TrainBatch 23
right:5
Here is TrainBatch 24
right:5
Here is TrainBatch 25
right:5
Here is TrainBatch 26
right:6
Here is TrainBatch 27
right:6
Here is TrainBatch 28
right:6
Here is TrainBatch 29
right:6
Here is TrainBatch 30
right:6
Here is TrainBatch 31
right:6
Here is TrainBatch 32
right:7
Here is TrainBatch 33
right:7
Here is TrainBatch 34
right:7
Here is TrainBatch 35
right:7
Here is TrainBatch 36
right:8
Here is TrainBatch 37
right:8
Here is TrainBatch 38
right:8
Here is TrainBatch 39
right:9
Here is TrainBatch 40
right:9
Here is TrainBatch 41
right:9
Here is TrainBatch 42
right:9
Here is TrainBatch 43
right:9
Here is TrainBatch 44
right:9
Here is TrainBatch 45
right:9
Here is TrainBatch 46
right:9
Here is TrainBatch 47
right:9
Here is TrainBatch 48
right:9
Here is TrainBatch 49
right:9
Here is TrainBatch 50
right:9
Here is TrainBatch 51
right:9
Here is TrainBatch 52
right:10
Here is TrainBatch 53
right:11
Here is TrainBatch 54
right:11
Here is TrainBatch 55
right:11
Here is TrainBatch 56
right:11
Here is TrainBatch 57
right:11
Here is TrainBatch 58
right:12
Here is TrainBatch 59
right:12
Here is TrainBatch 60
right:13
Here is TrainBatch 61
right:14
Here is TrainBatch 62
right:15
Here is TrainBatch 63
right:15
Here is TrainBatch 64
right:16
Here is TrainBatch 65
right:16
Here is TrainBatch 66
right:17
Here is TrainBatch 67
right:17
Here is TrainBatch 68
right:17
Here is TrainBatch 69
right:17
Here is TrainBatch 70
right:17
Here is TrainBatch 71
right:17
Here is TrainBatch 72
right:17
Here is TrainBatch 73
right:18
Here is TrainBatch 74
right:18
Here is TrainBatch 75
right:18
Here is TrainBatch 76
right:18
Here is TrainBatch 77
right:18
Here is TrainBatch 78
right:18
Here is TrainBatch 79
right:18
Here is TrainBatch 80
right:18
Here is TrainBatch 81
right:18
Here is TrainBatch 82
right:18
Here is TrainBatch 83
right:19
Here is TrainBatch 84
right:20
Here is TrainBatch 85
right:20
Here is TrainBatch 86
right:20
Here is TrainBatch 87
right:20
Here is TrainBatch 88
right:20
Here is TrainBatch 89
right:21
Here is TrainBatch 90
right:22
Here is TrainBatch 91
right:22
Here is TrainBatch 92
right:23
Here is TrainBatch 93
right:24
Here is TrainBatch 94
right:24
Here is TrainBatch 95
right:24
Here is TrainBatch 96
right:24
Here is TrainBatch 97
right:24
Here is TrainBatch 98
right:24
Here is TrainBatch 99
right:24
Here is TrainBatch 0
right:1
Here is TrainBatch 1
right:2
Here is TrainBatch 2
right:2
Here is TrainBatch 3
right:3
Here is TrainBatch 4
right:3
Here is TrainBatch 5
right:3
Here is TrainBatch 6
right:3
Here is TrainBatch 7
right:4
Here is TrainBatch 8
right:4
Here is TrainBatch 9
right:4
Here is TrainBatch 10
right:4
Here is TrainBatch 11
right:5
Here is TrainBatch 12
right:5
Here is TrainBatch 13
right:5
Here is TrainBatch 14
right:5
Here is TrainBatch 15
right:5
Here is TrainBatch 16
right:5
Here is TrainBatch 17
right:5
Here is TrainBatch 18
right:5
Here is TrainBatch 19
right:5
Here is TrainBatch 20
right:5
Here is TrainBatch 21
right:5
Here is TrainBatch 22
right:5
Here is TrainBatch 23
right:6
Here is TrainBatch 24
right:6
Here is TrainBatch 25
right:6
Here is TrainBatch 26
right:6
Here is TrainBatch 27
right:6
Here is TrainBatch 28
right:6
Here is TrainBatch 29
right:6
Here is TrainBatch 30
right:7
Here is TrainBatch 31
right:7
Here is TrainBatch 32
right:7
Here is TrainBatch 33
right:7
Here is TrainBatch 34
right:7
Here is TrainBatch 35
right:8
Here is TrainBatch 36
right:9
Here is TrainBatch 37
right:9
Here is TrainBatch 38
right:10
Here is TrainBatch 39
right:10
Here is TrainBatch 40
right:11
Here is TrainBatch 41
right:12
Here is TrainBatch 42
right:12
Here is TrainBatch 43
right:12
Here is TrainBatch 44
right:12
Here is TrainBatch 45
right:13
Here is TrainBatch 46
right:13
Here is TrainBatch 47
right:14
Here is TrainBatch 48
right:14
Here is TrainBatch 49
right:15
Here is TrainBatch 50
right:15
Here is TrainBatch 51
right:16
Here is TrainBatch 52
right:16
Here is TrainBatch 53
right:16
Here is TrainBatch 54
right:16
Here is TrainBatch 55
right:17
Here is TrainBatch 56
right:17
Here is TrainBatch 57
right:17
Here is TrainBatch 58
right:18
Here is TrainBatch 59
right:18
Here is TrainBatch 60
right:18
Here is TrainBatch 61
right:18
Here is TrainBatch 62
right:18
Here is TrainBatch 63
right:18
Here is TrainBatch 64
right:18
Here is TrainBatch 65
right:19
Here is TrainBatch 66
right:19
Here is TrainBatch 67
right:19
Here is TrainBatch 68
right:20
Here is TrainBatch 69
right:20
Here is TrainBatch 70
right:20
Here is TrainBatch 71
right:20
Here is TrainBatch 72
right:20
Here is TrainBatch 73
right:21
Here is TrainBatch 74
right:21
Here is TrainBatch 75
right:22
Here is TrainBatch 76
right:22
Here is TrainBatch 77
right:22
Here is TrainBatch 78
right:22
Here is TrainBatch 79
right:23
Here is TrainBatch 80
right:23
Here is TrainBatch 81
right:23
Here is TrainBatch 82
right:23
Here is TrainBatch 83
right:23
Here is TrainBatch 84
right:23
Here is TrainBatch 85
right:24
Here is TrainBatch 86
right:25
Here is TrainBatch 87
right:25
Here is TrainBatch 88
right:25
Here is TrainBatch 89
right:25
Here is TrainBatch 90
right:25
Here is TrainBatch 91
right:26
Here is TrainBatch 92
right:26
Here is TrainBatch 93
right:27
Here is TrainBatch 94
right:27
Here is TrainBatch 95
right:27
Here is TrainBatch 96
right:28
Here is TrainBatch 97
right:28
Here is TrainBatch 98
right:29
Here is TrainBatch 99
right:29
batchsize:100	train: 0%
Here is TrainBatch 0
right:0
Here is TrainBatch 1
right:0
Here is TrainBatch 2
right:0
Here is TrainBatch 3
right:0
Here is TrainBatch 4
right:1
Here is TrainBatch 5
right:1
Here is TrainBatch 6
right:1
Here is TrainBatch 7
right:1
Here is TrainBatch 8
right:2
Here is TrainBatch 9
right:2
Here is TrainBatch 10
right:2
Here is TrainBatch 11
right:3
Here is TrainBatch 12
right:3
Here is TrainBatch 13
right:4
Here is TrainBatch 14
right:4
Here is TrainBatch 15
right:4
Here is TrainBatch 16
right:4
Here is TrainBatch 17
right:4
Here is TrainBatch 18
right:5
Here is TrainBatch 19
right:5
Here is TrainBatch 20
right:6
Here is TrainBatch 21
right:7
Here is TrainBatch 22
right:7
Here is TrainBatch 23
right:7
Here is TrainBatch 24
right:7
Here is TrainBatch 25
right:7
Here is TrainBatch 26
right:8
Here is TrainBatch 27
right:9
Here is TrainBatch 28
right:9
Here is TrainBatch 29
right:9
Here is TrainBatch 30
right:9
Here is TrainBatch 31
right:10
Here is TrainBatch 32
right:10
Here is TrainBatch 33
right:11
Here is TrainBatch 34
right:11
Here is TrainBatch 35
right:12
Here is TrainBatch 36
right:12
Here is TrainBatch 37
right:12
Here is TrainBatch 38
right:13
Here is TrainBatch 39
right:13
Here is TrainBatch 40
right:13
Here is TrainBatch 41
right:14
Here is TrainBatch 42
right:14
Here is TrainBatch 43
right:14
Here is TrainBatch 44
right:14
Here is TrainBatch 45
right:14
Here is TrainBatch 46
right:14
Here is TrainBatch 47
right:15
Here is TrainBatch 48
right:15
Here is TrainBatch 49
right:15
Here is TrainBatch 50
right:15
Here is TrainBatch 51
right:16
Here is TrainBatch 52
right:17
Here is TrainBatch 53
right:18
Here is TrainBatch 54
right:18
Here is TrainBatch 55
right:18
Here is TrainBatch 56
right:19
Here is TrainBatch 57
right:19
Here is TrainBatch 58
right:19
Here is TrainBatch 59
right:19
Here is TrainBatch 60
right:19
Here is TrainBatch 61
right:20
Here is TrainBatch 62
right:20
Here is TrainBatch 63
right:20
Here is TrainBatch 64
right:21
Here is TrainBatch 65
right:21
Here is TrainBatch 66
right:21
Here is TrainBatch 67
right:22
Here is TrainBatch 68
right:22
Here is TrainBatch 69
right:23
Here is TrainBatch 70
right:24
Here is TrainBatch 71
right:24
Here is TrainBatch 72
right:24
Here is TrainBatch 73
right:24
Here is TrainBatch 74
right:25
Here is TrainBatch 75
right:25
Here is TrainBatch 76
right:25
Here is TrainBatch 77
right:26
Here is TrainBatch 78
right:26
Here is TrainBatch 79
right:26
Here is TrainBatch 80
right:27
Here is TrainBatch 81
right:27
Here is TrainBatch 82
right:28
Here is TrainBatch 83
right:28
Here is TrainBatch 84
right:28
Here is TrainBatch 85
right:29
Here is TrainBatch 86
right:30
Here is TrainBatch 87
right:30
Here is TrainBatch 88
right:30
Here is TrainBatch 89
right:30
Here is TrainBatch 90
right:31
Here is TrainBatch 91
right:31
Here is TrainBatch 92
right:31
Here is TrainBatch 93
right:31
Here is TrainBatch 94
right:31
Here is TrainBatch 95
right:31
Here is TrainBatch 96
right:31
Here is TrainBatch 97
right:31
Here is TrainBatch 98
right:32
Here is TrainBatch 99
right:33
batchsize:100	train: 0%
test: 0%
test: 0%
test: 0%
test: 0%
test: 0%
test: 0%
test: 0%
test: 0%
test: 0%
test: 0%
test: 5%
test: 5%
test: 5%
test:10%
test:10%
test:10%
test:10%
test:10%
test:10%
2/20
Time:1705059069
Here is TrainBatch 0
right:0
Here is TrainBatch 1
right:0
Here is TrainBatch 2
right:0
Here is TrainBatch 3
right:1
Here is TrainBatch 4
right:1
Here is TrainBatch 5
right:1
Here is TrainBatch 6
right:2
Here is TrainBatch 7
right:3
Here is TrainBatch 8
right:4
Here is TrainBatch 9
right:4
Here is TrainBatch 10
right:4
Here is TrainBatch 11
right:4
Here is TrainBatch 12
right:5
Here is TrainBatch 13
right:6
Here is TrainBatch 14
right:7
Here is TrainBatch 15
right:8
Here is TrainBatch 16
right:8
Here is TrainBatch 17
right:8
Here is TrainBatch 18
right:9
Here is TrainBatch 19
right:9
Here is TrainBatch 20
right:9
Here is TrainBatch 21
right:9
Here is TrainBatch 22
right:9
Here is TrainBatch 23
right:10
Here is TrainBatch 24
right:11
Here is TrainBatch 25
right:11
Here is TrainBatch 26
right:11
Here is TrainBatch 27
right:12
Here is TrainBatch 28
right:12
Here is TrainBatch 29
right:13
Here is TrainBatch 30
right:13
Here is TrainBatch 31
right:13
Here is TrainBatch 32
right:14
Here is TrainBatch 33
right:14
Here is TrainBatch 34
right:14
Here is TrainBatch 35
right:14
Here is TrainBatch 36
right:15
Here is TrainBatch 37
right:15
Here is TrainBatch 38
right:16
Here is TrainBatch 39
right:17
Here is TrainBatch 40
right:18
Here is TrainBatch 41
right:18
Here is TrainBatch 42
right:19
Here is TrainBatch 43
right:19
Here is TrainBatch 44
right:19
Here is TrainBatch 45
right:19
Here is TrainBatch 46
right:19
Here is TrainBatch 47
right:19
Here is TrainBatch 48
right:19
Here is TrainBatch 49
right:20
Here is TrainBatch 50
right:21
Here is TrainBatch 51
right:21
Here is TrainBatch 52
right:22
Here is TrainBatch 53
right:22
Here is TrainBatch 54
right:22
Here is TrainBatch 55
right:22
Here is TrainBatch 56
right:22
Here is TrainBatch 57
right:22
Here is TrainBatch 58
right:22
Here is TrainBatch 59
right:23
Here is TrainBatch 60
right:23
Here is TrainBatch 61
right:23
Here is TrainBatch 62
right:24
Here is TrainBatch 63
right:24
Here is TrainBatch 64
right:24
Here is TrainBatch 65
right:24
Here is TrainBatch 66
right:25
Here is TrainBatch 67
right:26
Here is TrainBatch 68
right:26
Here is TrainBatch 69
right:26
Here is TrainBatch 70
right:27
Here is TrainBatch 71
right:28
Here is TrainBatch 72
right:29
Here is TrainBatch 73
right:30
Here is TrainBatch 74
right:31
Here is TrainBatch 75
right:31
Here is TrainBatch 76
right:31
Here is TrainBatch 77
right:32
Here is TrainBatch 78
right:33
Here is TrainBatch 79
right:34
Here is TrainBatch 80
right:34
Here is TrainBatch 81
right:34
Here is TrainBatch 82
right:34
Here is TrainBatch 83
right:35
Here is TrainBatch 84
right:36
Here is TrainBatch 85
right:36
Here is TrainBatch 86
right:37
Here is TrainBatch 87
right:37
Here is TrainBatch 88
right:37
Here is TrainBatch 89
right:37
Here is TrainBatch 90
right:38
Here is TrainBatch 91
right:39
Here is TrainBatch 92
right:39
Here is TrainBatch 93
right:40
Here is TrainBatch 94
right:40
Here is TrainBatch 95
right:40
Here is TrainBatch 96
right:41
Here is TrainBatch 97
right:41
Here is TrainBatch 98
right:42
Here is TrainBatch 99
right:43
Here is TrainBatch 0
right:0
Here is TrainBatch 1
right:0
Here is TrainBatch 2
right:0
Here is TrainBatch 3
right:1
Here is TrainBatch 4
right:1
Here is TrainBatch 5
right:1
Here is TrainBatch 6
right:2
Here is TrainBatch 7
right:2
Here is TrainBatch 8
right:2
Here is TrainBatch 9
right:2
Here is TrainBatch 10
right:2
Here is TrainBatch 11
right:2
Here is TrainBatch 12
right:2
Here is TrainBatch 13
right:2
Here is TrainBatch 14
right:2
Here is TrainBatch 15
right:2
Here is TrainBatch 16
right:2
Here is TrainBatch 17
right:2
Here is TrainBatch 18
right:2
Here is TrainBatch 19
right:2
Here is TrainBatch 20
right:2
Here is TrainBatch 21
right:2
Here is TrainBatch 22
right:2
Here is TrainBatch 23
right:2
Here is TrainBatch 24
right:2
Here is TrainBatch 25
right:2
Here is TrainBatch 26
right:3
Here is TrainBatch 27
right:3
Here is TrainBatch 28
right:3
Here is TrainBatch 29
right:4
Here is TrainBatch 30
right:4
Here is TrainBatch 31
right:4
Here is TrainBatch 32
right:4
Here is TrainBatch 33
right:4
Here is TrainBatch 34
right:4
Here is TrainBatch 35
right:4
Here is TrainBatch 36
right:4
Here is TrainBatch 37
right:4
Here is TrainBatch 38
right:4
Here is TrainBatch 39
right:4
Here is TrainBatch 40
right:4
Here is TrainBatch 41
right:4
Here is TrainBatch 42
right:4
Here is TrainBatch 43
right:4
Here is TrainBatch 44
right:4
Here is TrainBatch 45
right:4
Here is TrainBatch 46
right:4
Here is TrainBatch 47
right:5
Here is TrainBatch 48
right:5
Here is TrainBatch 49
right:5
Here is TrainBatch 50
right:5
Here is TrainBatch 51
right:6
Here is TrainBatch 52
right:6
Here is TrainBatch 53
right:6
Here is TrainBatch 54
right:6
Here is TrainBatch 55
right:7
Here is TrainBatch 56
right:7
Here is TrainBatch 57
right:7
Here is TrainBatch 58
right:7
Here is TrainBatch 59
right:7
Here is TrainBatch 60
right:7
Here is TrainBatch 61
right:7
Here is TrainBatch 62
right:7
Here is TrainBatch 63
right:7
Here is TrainBatch 64
right:7
Here is TrainBatch 65
right:8
Here is TrainBatch 66
right:8
Here is TrainBatch 67
right:8
Here is TrainBatch 68
right:8
Here is TrainBatch 69
right:8
Here is TrainBatch 70
right:8
Here is TrainBatch 71
right:8
Here is TrainBatch 72
right:8
Here is TrainBatch 73
right:8
Here is TrainBatch 74
right:8
Here is TrainBatch 75
right:8
Here is TrainBatch 76
right:8
Here is TrainBatch 77
right:8
Here is TrainBatch 78
right:8
Here is TrainBatch 79
right:8
Here is TrainBatch 80
right:8
Here is TrainBatch 81
right:8
Here is TrainBatch 82
right:8
Here is TrainBatch 83
right:8
Here is TrainBatch 84
right:8
Here is TrainBatch 85
right:8
Here is TrainBatch 86
right:9
Here is TrainBatch 87
right:9
Here is TrainBatch 88
right:9
Here is TrainBatch 89
right:9
Here is TrainBatch 90
right:9
Here is TrainBatch 91
right:9
Here is TrainBatch 92
right:9
Here is TrainBatch 93
right:9
Here is TrainBatch 94
right:9
Here is TrainBatch 95
right:9
Here is TrainBatch 96
right:10
Here is TrainBatch 97
right:10
Here is TrainBatch 98
right:10
Here is TrainBatch 99
right:10
batchsize:100	train: 0%
Here is TrainBatch 0
right:0
Here is TrainBatch 1
right:0
Here is TrainBatch 2
right:0
Here is TrainBatch 3
right:0
Here is TrainBatch 4
right:0
Here is TrainBatch 5
right:0
Here is TrainBatch 6
right:0
Here is TrainBatch 7
right:0
Here is TrainBatch 8
right:0
Here is TrainBatch 9
right:0
Here is TrainBatch 10
right:0
Here is TrainBatch 11
right:0
Here is TrainBatch 12
right:1
Here is TrainBatch 13
right:1
Here is TrainBatch 14
right:2
Here is TrainBatch 15
right:2
Here is TrainBatch 16
right:2
Here is TrainBatch 17
right:2
Here is TrainBatch 18
right:2
Here is TrainBatch 19
right:2
Here is TrainBatch 20
right:2
Here is TrainBatch 21
right:2
Here is TrainBatch 22
right:2
Here is TrainBatch 23
right:3
Here is TrainBatch 24
right:3
Here is TrainBatch 25
right:3
Here is TrainBatch 26
right:3
Here is TrainBatch 27
right:3
Here is TrainBatch 28
right:3
Here is TrainBatch 29
right:3
Here is TrainBatch 30
right:4
Here is TrainBatch 31
right:4
Here is TrainBatch 32
right:4
Here is TrainBatch 33
right:4
Here is TrainBatch 34
right:4
Here is TrainBatch 35
right:4
Here is TrainBatch 36
right:4
Here is TrainBatch 37
right:4
Here is TrainBatch 38
right:4
Here is TrainBatch 39
right:4
Here is TrainBatch 40
right:4
Here is TrainBatch 41
right:4
Here is TrainBatch 42
right:4
Here is TrainBatch 43
right:5
Here is TrainBatch 44
right:5
Here is TrainBatch 45
right:5
Here is TrainBatch 46
right:5
Here is TrainBatch 47
right:5
Here is TrainBatch 48
right:5
Here is TrainBatch 49
right:5
Here is TrainBatch 50
right:5
Here is TrainBatch 51
right:5
Here is TrainBatch 52
right:5
Here is TrainBatch 53
right:5
Here is TrainBatch 54
right:5
Here is TrainBatch 55
right:5
Here is TrainBatch 56
right:5
Here is TrainBatch 57
right:5
Here is TrainBatch 58
right:6
Here is TrainBatch 59
right:6
Here is TrainBatch 60
right:6
Here is TrainBatch 61
right:6
Here is TrainBatch 62
right:6
Here is TrainBatch 63
right:7
Here is TrainBatch 64
right:7
Here is TrainBatch 65
right:7
Here is TrainBatch 66
right:7
Here is TrainBatch 67
right:7
Here is TrainBatch 68
right:7
Here is TrainBatch 69
right:7
Here is TrainBatch 70
right:7
Here is TrainBatch 71
right:7
Here is TrainBatch 72
right:7
Here is TrainBatch 73
right:7
Here is TrainBatch 74
right:7
Here is TrainBatch 75
right:7
Here is TrainBatch 76
right:7
Here is TrainBatch 77
right:7
Here is TrainBatch 78
right:7
Here is TrainBatch 79
right:7
Here is TrainBatch 80
right:7
Here is TrainBatch 81
right:7
Here is TrainBatch 82
right:7
Here is TrainBatch 83
right:7
Here is TrainBatch 84
right:7
Here is TrainBatch 85
right:7
Here is TrainBatch 86
right:7
Here is TrainBatch 87
right:7
Here is TrainBatch 88
right:8
Here is TrainBatch 89
right:8
Here is TrainBatch 90
right:8
Here is TrainBatch 91
right:8
Here is TrainBatch 92
right:8
Here is TrainBatch 93
right:8
Here is TrainBatch 94
right:8
Here is TrainBatch 95
right:8
Here is TrainBatch 96
right:8
Here is TrainBatch 97
right:8
Here is TrainBatch 98
right:8
Here is TrainBatch 99
right:8
batchsize:100	train: 0%
test: 0%
test: 0%
test: 0%
test: 0%
test: 0%
test: 0%
test: 0%
test: 5%
test: 5%
test: 5%
test: 5%
test: 5%
test: 5%
test: 5%
test:10%
test:10%
test:10%
test:10%
test:10%
2/20
Time:1990827411
Here is TrainBatch 0
right:0
Here is TrainBatch 1
right:0
Here is TrainBatch 2
right:0
Here is TrainBatch 3
right:0
Here is TrainBatch 4
right:0
Here is TrainBatch 5
right:0
Here is TrainBatch 6
right:0
Here is TrainBatch 7
right:1
Here is TrainBatch 8
right:1
Here is TrainBatch 9
right:1
Here is TrainBatch 10
right:2
Here is TrainBatch 11
right:3
Here is TrainBatch 12
right:4
Here is TrainBatch 13
right:4
Here is TrainBatch 14
right:4
Here is TrainBatch 15
right:4
Here is TrainBatch 16
right:4
Here is TrainBatch 17
right:4
Here is TrainBatch 18
right:4
Here is TrainBatch 19
right:4
Here is TrainBatch 20
right:4
Here is TrainBatch 21
right:4
Here is TrainBatch 22
right:4
Here is TrainBatch 23
right:4
Here is TrainBatch 24
right:4
Here is TrainBatch 25
right:4
Here is TrainBatch 26
right:4
Here is TrainBatch 27
right:5
Here is TrainBatch 28
right:5
Here is TrainBatch 29
right:5
Here is TrainBatch 30
right:6
Here is TrainBatch 31
right:6
Here is TrainBatch 32
right:6
Here is TrainBatch 33
right:6
Here is TrainBatch 34
right:6
Here is TrainBatch 35
right:7
Here is TrainBatch 36
right:7
Here is TrainBatch 37
right:7
Here is TrainBatch 38
right:7
Here is TrainBatch 39
right:7
Here is TrainBatch 40
right:7
Here is TrainBatch 41
right:7
Here is TrainBatch 42
right:7
Here is TrainBatch 43
right:7
Here is TrainBatch 44
right:8
Here is TrainBatch 45
right:8
Here is TrainBatch 46
right:8
Here is TrainBatch 47
right:9
Here is TrainBatch 48
right:9
Here is TrainBatch 49
right:10
Here is TrainBatch 50
right:11
Here is TrainBatch 51
right:11
Here is TrainBatch 52
right:11
Here is TrainBatch 53
right:11
Here is TrainBatch 54
right:11
Here is TrainBatch 55
right:11
Here is TrainBatch 56
right:11
Here is TrainBatch 57
right:11
Here is TrainBatch 58
right:11
Here is TrainBatch 59
right:11
Here is TrainBatch 60
right:11
Here is TrainBatch 61
right:11
Here is TrainBatch 62
right:11
Here is TrainBatch 63
right:11
Here is TrainBatch 64
right:11
Here is TrainBatch 65
right:12
Here is TrainBatch 66
right:12
Here is TrainBatch 67
right:12
Here is TrainBatch 68
right:12
Here is TrainBatch 69
right:12
Here is TrainBatch 70
right:12
Here is TrainBatch 71
right:12
Here is TrainBatch 72
right:12
Here is TrainBatch 73
right:12
Here is TrainBatch 74
right:13
Here is TrainBatch 75
right:13
Here is TrainBatch 76
right:13
Here is TrainBatch 77
right:13
Here is TrainBatch 78
right:13
Here is TrainBatch 79
right:13
Here is TrainBatch 80
right:13
Here is TrainBatch 81
right:13
Here is TrainBatch 82
right:13
Here is TrainBatch 83
right:13
Here is TrainBatch 84
right:13
Here is TrainBatch 85
right:13
Here is TrainBatch 86
right:14
Here is TrainBatch 87
right:14
Here is TrainBatch 88
right:14
Here is TrainBatch 89
right:14
Here is TrainBatch 90
right:14
Here is TrainBatch 91
right:14
Here is TrainBatch 92
right:14
Here is TrainBatch 93
right:14
Here is TrainBatch 94
right:14
Here is TrainBatch 95
right:14
Here is TrainBatch 96
right:14
Here is TrainBatch 97
right:14
Here is TrainBatch 98
right:15
Here is TrainBatch 99
right:15
Here is TrainBatch 0
right:0
Here is TrainBatch 1
right:0
Here is TrainBatch 2
right:0
Here is TrainBatch 3
right:0
Here is TrainBatch 4
right:0
Here is TrainBatch 5
right:0
Here is TrainBatch 6
right:0
Here is TrainBatch 7
right:0
Here is TrainBatch 8
right:0
Here is TrainBatch 9
right:0
Here is TrainBatch 10
right:1
Here is TrainBatch 11
right:1
Here is TrainBatch 12
right:1
Here is TrainBatch 13
right:1
Here is TrainBatch 14
right:1
Here is TrainBatch 15
right:1
Here is TrainBatch 16
right:2
Here is TrainBatch 17
right:2
Here is TrainBatch 18
right:2
Here is TrainBatch 19
right:2
Here is TrainBatch 20
right:2
Here is TrainBatch 21
right:2
Here is TrainBatch 22
right:2
Here is TrainBatch 23
right:2
Here is TrainBatch 24
right:2
Here is TrainBatch 25
right:2
Here is TrainBatch 26
right:2
Here is TrainBatch 27
right:2
Here is TrainBatch 28
right:2
Here is TrainBatch 29
right:2
Here is TrainBatch 30
right:2
Here is TrainBatch 31
right:2
Here is TrainBatch 32
right:2
Here is TrainBatch 33
right:3
Here is TrainBatch 34
right:3
Here is TrainBatch 35
right:3
Here is TrainBatch 36
right:3
Here is TrainBatch 37
right:3
Here is TrainBatch 38
right:3
Here is TrainBatch 39
right:3
Here is TrainBatch 40
right:3
Here is TrainBatch 41
right:3
Here is TrainBatch 42
right:3
Here is TrainBatch 43
right:3
Here is TrainBatch 44
right:3
Here is TrainBatch 45
right:3
Here is TrainBatch 46
right:3
Here is TrainBatch 47
right:3
Here is TrainBatch 48
right:3
Here is TrainBatch 49
right:3
Here is TrainBatch 50
right:3
Here is TrainBatch 51
right:3
Here is TrainBatch 52
right:3
Here is TrainBatch 53
right:4
Here is TrainBatch 54
right:5
Here is TrainBatch 55
right:5
Here is TrainBatch 56
right:5
Here is TrainBatch 57
right:5
Here is TrainBatch 58
right:5
Here is TrainBatch 59
right:5
Here is TrainBatch 60
right:5
Here is TrainBatch 61
right:5
Here is TrainBatch 62
right:6
Here is TrainBatch 63
right:6
Here is TrainBatch 64
right:6
Here is TrainBatch 65
right:6
Here is TrainBatch 66
right:6
Here is TrainBatch 67
right:7
Here is TrainBatch 68
right:7
Here is TrainBatch 69
right:7
Here is TrainBatch 70
right:8
Here is TrainBatch 71
right:8
Here is TrainBatch 72
right:9
Here is TrainBatch 73
right:9
Here is TrainBatch 74
right:9
Here is TrainBatch 75
right:9
Here is TrainBatch 76
right:10
Here is TrainBatch 77
right:10
Here is TrainBatch 78
right:10
Here is TrainBatch 79
right:10
Here is TrainBatch 80
right:10
Here is TrainBatch 81
right:10
Here is TrainBatch 82
right:10
Here is TrainBatch 83
right:11
Here is TrainBatch 84
right:11
Here is TrainBatch 85
right:11
Here is TrainBatch 86
right:11
Here is TrainBatch 87
right:11
Here is TrainBatch 88
right:11
Here is TrainBatch 89
right:11
Here is TrainBatch 90
right:11
Here is TrainBatch 91
right:11
Here is TrainBatch 92
right:11
Here is TrainBatch 93
right:11
Here is TrainBatch 94
right:11
Here is TrainBatch 95
right:12
Here is TrainBatch 96
right:12
Here is TrainBatch 97
right:12
Here is TrainBatch 98
right:12
Here is TrainBatch 99
right:12
batchsize:100	train: 0%
Here is TrainBatch 0
right:0
Here is TrainBatch 1
right:0
Here is TrainBatch 2
right:0
Here is TrainBatch 3
right:0
Here is TrainBatch 4
right:0
Here is TrainBatch 5
right:0
Here is TrainBatch 6
right:0
Here is TrainBatch 7
right:0
Here is TrainBatch 8
right:0
Here is TrainBatch 9
right:0
Here is TrainBatch 10
right:0
Here is TrainBatch 11
right:0
Here is TrainBatch 12
right:0
Here is TrainBatch 13
right:1
Here is TrainBatch 14
right:1
Here is TrainBatch 15
right:1
Here is TrainBatch 16
right:1
Here is TrainBatch 17
right:1
Here is TrainBatch 18
right:1
Here is TrainBatch 19
right:1
Here is TrainBatch 20
right:2
Here is TrainBatch 21
right:2
Here is TrainBatch 22
right:2
Here is TrainBatch 23
right:2
Here is TrainBatch 24
right:2
Here is TrainBatch 25
right:2
Here is TrainBatch 26
right:3
Here is TrainBatch 27
right:4
Here is TrainBatch 28
right:4
Here is TrainBatch 29
right:4
Here is TrainBatch 30
right:4
Here is TrainBatch 31
right:4
Here is TrainBatch 32
right:4
Here is TrainBatch 33
right:5
Here is TrainBatch 34
right:5
Here is TrainBatch 35
right:5
Here is TrainBatch 36
right:5
Here is TrainBatch 37
right:5
Here is TrainBatch 38
right:5
Here is TrainBatch 39
right:5
Here is TrainBatch 40
right:5
Here is TrainBatch 41
right:5
Here is TrainBatch 42
right:5
Here is TrainBatch 43
right:5
Here is TrainBatch 44
right:5
Here is TrainBatch 45
right:5
Here is TrainBatch 46
right:5
Here is TrainBatch 47
right:6
Here is TrainBatch 48
right:6
Here is TrainBatch 49
right:6
Here is TrainBatch 50
right:6
Here is TrainBatch 51
right:6
Here is TrainBatch 52
right:7
Here is TrainBatch 53
right:8
Here is TrainBatch 54
right:8
Here is TrainBatch 55
right:8
Here is TrainBatch 56
right:8
Here is TrainBatch 57
right:8
Here is TrainBatch 58
right:8
Here is TrainBatch 59
right:8
Here is TrainBatch 60
right:8
Here is TrainBatch 61
right:8
Here is TrainBatch 62
right:9
Here is TrainBatch 63
right:9
Here is TrainBatch 64
right:10
Here is TrainBatch 65
right:10
Here is TrainBatch 66
right:10
Here is TrainBatch 67
right:11
Here is TrainBatch 68
right:11
Here is TrainBatch 69
right:11
Here is TrainBatch 70
right:11
Here is TrainBatch 71
right:11
Here is TrainBatch 72
right:11
Here is TrainBatch 73
right:11
Here is TrainBatch 74
right:11
Here is TrainBatch 75
right:11
Here is TrainBatch 76
right:11
Here is TrainBatch 77
right:12
Here is TrainBatch 78
right:12
Here is TrainBatch 79
right:12
Here is TrainBatch 80
right:13
Here is TrainBatch 81
right:13
Here is TrainBatch 82
right:14
Here is TrainBatch 83
right:14
Here is TrainBatch 84
right:14
Here is TrainBatch 85
right:15
Here is TrainBatch 86
right:15
Here is TrainBatch 87
right:15
Here is TrainBatch 88
right:15
Here is TrainBatch 89
right:15
Here is TrainBatch 90
right:15
Here is TrainBatch 91
right:15
Here is TrainBatch 92
right:15
Here is TrainBatch 93
right:15
Here is TrainBatch 94
right:15
Here is TrainBatch 95
right:15
Here is TrainBatch 96
right:15
Here is TrainBatch 97
right:15
Here is TrainBatch 98
right:15
Here is TrainBatch 99
right:15
batchsize:100	train: 0%
test: 0%
test: 0%
test: 0%
test: 0%
test: 0%
test: 0%
test: 5%
test: 5%
test:10%
test:10%
test:10%
test:15%
test:15%
test:15%
test:15%
test:20%
test:20%
test:20%
test:20%
4/20
Time:2276185881
Here is TrainBatch 0
right:0
Here is TrainBatch 1
right:0
Here is TrainBatch 2
right:0
Here is TrainBatch 3
right:1
Here is TrainBatch 4
right:2
Here is TrainBatch 5
right:2
Here is TrainBatch 6
right:3
Here is TrainBatch 7
right:3
Here is TrainBatch 8
right:3
Here is TrainBatch 9
right:3
Here is TrainBatch 10
right:3
Here is TrainBatch 11
right:3
Here is TrainBatch 12
right:3
Here is TrainBatch 13
right:3
Here is TrainBatch 14
right:3
Here is TrainBatch 15
right:3
Here is TrainBatch 16
right:4
Here is TrainBatch 17
right:4
Here is TrainBatch 18
right:4
Here is TrainBatch 19
right:5
Here is TrainBatch 20
right:5
Here is TrainBatch 21
right:5
Here is TrainBatch 22
right:6
Here is TrainBatch 23
right:7
Here is TrainBatch 24
right:7
Here is TrainBatch 25
right:8
Here is TrainBatch 26
right:8
Here is TrainBatch 27
right:8
Here is TrainBatch 28
right:9
Here is TrainBatch 29
right:9
Here is TrainBatch 30
right:9
Here is TrainBatch 31
right:9
Here is TrainBatch 32
right:9
Here is TrainBatch 33
right:10
Here is TrainBatch 34
right:10
Here is TrainBatch 35
right:10
Here is TrainBatch 36
right:10
Here is TrainBatch 37
right:10
Here is TrainBatch 38
right:10
Here is TrainBatch 39
right:10
Here is TrainBatch 40
right:11
Here is TrainBatch 41
right:11
Here is TrainBatch 42
right:11
Here is TrainBatch 43
right:12
Here is TrainBatch 44
right:12
Here is TrainBatch 45
right:13
Here is TrainBatch 46
right:13
Here is TrainBatch 47
right:13
Here is TrainBatch 48
right:14
Here is TrainBatch 49
right:14
Here is TrainBatch 50
right:14
Here is TrainBatch 51
right:14
Here is TrainBatch 52
right:14
Here is TrainBatch 53
right:14
Here is TrainBatch 54
right:15
Here is TrainBatch 55
right:15
Here is TrainBatch 56
right:15
Here is TrainBatch 57
right:16
Here is TrainBatch 58
right:16
Here is TrainBatch 59
right:17
Here is TrainBatch 60
right:17
Here is TrainBatch 61
right:17
Here is TrainBatch 62
right:17
Here is TrainBatch 63
right:17
Here is TrainBatch 64
right:17
Here is TrainBatch 65
right:17
Here is TrainBatch 66
right:17
Here is TrainBatch 67
right:18
Here is TrainBatch 68
right:18
Here is TrainBatch 69
right:18
Here is TrainBatch 70
right:18
Here is TrainBatch 71
right:18
Here is TrainBatch 72
right:19
Here is TrainBatch 73
right:19
Here is TrainBatch 74
right:19
Here is TrainBatch 75
right:19
Here is TrainBatch 76
right:19
Here is TrainBatch 77
right:20
Here is TrainBatch 78
right:21
Here is TrainBatch 79
right:21
Here is TrainBatch 80
right:22
Here is TrainBatch 81
right:22
Here is TrainBatch 82
right:23
Here is TrainBatch 83
right:23
Here is TrainBatch 84
right:23
Here is TrainBatch 85
right:23
Here is TrainBatch 86
right:23
Here is TrainBatch 87
right:24
Here is TrainBatch 88
right:24
Here is TrainBatch 89
right:24
Here is TrainBatch 90
right:24
Here is TrainBatch 91
right:24
Here is TrainBatch 92
right:24
Here is TrainBatch 93
right:24
Here is TrainBatch 94
right:24
Here is TrainBatch 95
right:24
Here is TrainBatch 96
right:24
Here is TrainBatch 97
right:24
Here is TrainBatch 98
right:24
Here is TrainBatch 99
right:25
Here is TrainBatch 0
right:0
Here is TrainBatch 1
right:0
Here is TrainBatch 2
right:1
Here is TrainBatch 3
right:1
Here is TrainBatch 4
right:2
Here is TrainBatch 5
right:3
Here is TrainBatch 6
right:3
Here is TrainBatch 7
right:3
Here is TrainBatch 8
right:4
Here is TrainBatch 9
right:4
Here is TrainBatch 10
right:5
Here is TrainBatch 11
right:5
Here is TrainBatch 12
right:6
Here is TrainBatch 13
right:7
Here is TrainBatch 14
right:7
Here is TrainBatch 15
right:7
Here is TrainBatch 16
right:8
Here is TrainBatch 17
right:8
Here is TrainBatch 18
right:8
Here is TrainBatch 19
right:8
Here is TrainBatch 20
right:8
Here is TrainBatch 21
right:8
Here is TrainBatch 22
right:8
Here is TrainBatch 23
right:8
Here is TrainBatch 24
right:9
Here is TrainBatch 25
right:9
Here is TrainBatch 26
right:9
Here is TrainBatch 27
right:9
Here is TrainBatch 28
right:10
Here is TrainBatch 29
right:10
Here is TrainBatch 30
right:10
Here is TrainBatch 31
right:10
Here is TrainBatch 32
right:10
Here is TrainBatch 33
right:11
Here is TrainBatch 34
right:11
Here is TrainBatch 35
right:11
Here is TrainBatch 36
right:11
Here is TrainBatch 37
right:11
Here is TrainBatch 38
right:11
Here is TrainBatch 39
right:11
Here is TrainBatch 40
right:11
Here is TrainBatch 41
right:11
Here is TrainBatch 42
right:11
Here is TrainBatch 43
right:11
Here is TrainBatch 44
right:11
Here is TrainBatch 45
right:11
Here is TrainBatch 46
right:11
Here is TrainBatch 47
right:11
Here is TrainBatch 48
right:11
Here is TrainBatch 49
right:11
Here is TrainBatch 50
right:11
Here is TrainBatch 51
right:11
Here is TrainBatch 52
right:12
Here is TrainBatch 53
right:13
Here is TrainBatch 54
right:14
Here is TrainBatch 55
right:14
Here is TrainBatch 56
right:14
Here is TrainBatch 57
right:14
Here is TrainBatch 58
right:14
Here is TrainBatch 59
right:14
Here is TrainBatch 60
right:14
Here is TrainBatch 61
right:14
Here is TrainBatch 62
right:15
Here is TrainBatch 63
right:15
Here is TrainBatch 64
right:15
Here is TrainBatch 65
right:15
Here is TrainBatch 66
right:15
Here is TrainBatch 67
right:16
Here is TrainBatch 68
right:16
Here is TrainBatch 69
right:16
Here is TrainBatch 70
right:17
Here is TrainBatch 71
right:17
Here is TrainBatch 72
right:18
Here is TrainBatch 73
right:18
Here is TrainBatch 74
right:19
Here is TrainBatch 75
right:19
Here is TrainBatch 76
right:20
Here is TrainBatch 77
right:21
Here is TrainBatch 78
right:21
Here is TrainBatch 79
right:21
Here is TrainBatch 80
right:21
Here is TrainBatch 81
right:21
Here is TrainBatch 82
right:21
Here is TrainBatch 83
right:22
Here is TrainBatch 84
right:23
Here is TrainBatch 85
right:23
Here is TrainBatch 86
right:23
Here is TrainBatch 87
right:23
Here is TrainBatch 88
right:23
Here is TrainBatch 89
right:23
Here is TrainBatch 90
right:23
Here is TrainBatch 91
right:23
Here is TrainBatch 92
right:23
Here is TrainBatch 93
right:23
Here is TrainBatch 94
right:23
Here is TrainBatch 95
right:24
Here is TrainBatch 96
right:24
Here is TrainBatch 97
right:24
Here is TrainBatch 98
right:24
Here is TrainBatch 99
right:24
batchsize:100	train: 0%
Here is TrainBatch 0
right:1
Here is TrainBatch 1
right:2
Here is TrainBatch 2
right:2
Here is TrainBatch 3
right:2
Here is TrainBatch 4
right:2
Here is TrainBatch 5
right:3
Here is TrainBatch 6
right:3
Here is TrainBatch 7
right:3
Here is TrainBatch 8
right:4
Here is TrainBatch 9
right:4
Here is TrainBatch 10
right:4
Here is TrainBatch 11
right:5
Here is TrainBatch 12
right:5
Here is TrainBatch 13
right:6
Here is TrainBatch 14
right:6
Here is TrainBatch 15
right:6
Here is TrainBatch 16
right:6
Here is TrainBatch 17
right:6
Here is TrainBatch 18
right:6
Here is TrainBatch 19
right:6
Here is TrainBatch 20
right:7
Here is TrainBatch 21
right:7
Here is TrainBatch 22
right:7
Here is TrainBatch 23
right:7
Here is TrainBatch 24
right:7
Here is TrainBatch 25
right:7
Here is TrainBatch 26
right:8
Here is TrainBatch 27
right:9
Here is TrainBatch 28
right:9
Here is TrainBatch 29
right:9
Here is TrainBatch 30
right:9
Here 